start readwrite
filename = /dev/rbd0
start readwrite
filename = /dev/rbd2
randwrite: (g=0): rw=randwrite, bs=4K-4K/4K-4K, ioengine=sync, iodepth=1
...
randwrite: (g=0): rw=randwrite, bs=4K-4K/4K-4K, ioengine=sync, iodepth=1
fio 1.59
Starting 64 processes
randwrite: (g=0): rw=randwrite, bs=4K-4K/4K-4K, ioengine=sync, iodepth=1
...
randwrite: (g=0): rw=randwrite, bs=4K-4K/4K-4K, ioengine=sync, iodepth=1
fio 1.59
Starting 64 processes

randwrite: (groupid=0, jobs=64): err= 0: pid=7398
  write: io=146072KB, bw=1208.7KB/s, iops=302 , runt=120856msec
    clat (msec): min=1 , max=7966 , avg=211.22, stdev=597.82
     lat (msec): min=1 , max=7966 , avg=211.22, stdev=597.82
    bw (KB/s) : min=    0, max=  396, per=2.23%, avg=26.96, stdev=35.40
  cpu          : usr=0.00%, sys=0.01%, ctx=36726, majf=0, minf=1855
  IO depths    : 1=100.0%, 2=0.0%, 4=0.0%, 8=0.0%, 16=0.0%, 32=0.0%, >=64=0.0%
     submit    : 0=0.0%, 4=100.0%, 8=0.0%, 16=0.0%, 32=0.0%, 64=0.0%, >=64=0.0%
     complete  : 0=0.0%, 4=100.0%, 8=0.0%, 16=0.0%, 32=0.0%, 64=0.0%, >=64=0.0%
     issued r/w/d: total=0/36518/0, short=0/0/0

     lat (msec): 2=0.92%, 4=61.35%, 10=12.24%, 20=1.88%, 50=1.87%
     lat (msec): 100=1.55%, 250=3.34%, 500=3.68%, 750=3.36%, 1000=2.30%
     lat (msec): 2000=4.95%, >=2000=2.56%

Run status group 0 (all jobs):
  WRITE: io=146072KB, aggrb=1208KB/s, minb=1237KB/s, maxb=1237KB/s, mint=120856msec, maxt=120856msec

Disk stats (read/write):
  rbd0: ios=300/36497, merge=0/0, ticks=13792/7694892, in_queue=7725588, util=100.00%
finish readwrite

randwrite: (groupid=0, jobs=64): err= 0: pid=7397
  write: io=120820KB, bw=999.53KB/s, iops=249 , runt=120879msec
    clat (msec): min=1 , max=13396 , avg=255.42, stdev=757.52
     lat (msec): min=1 , max=13396 , avg=255.42, stdev=757.52
    bw (KB/s) : min=    0, max=  402, per=2.40%, avg=23.96, stdev=32.33
  cpu          : usr=0.00%, sys=0.01%, ctx=30396, majf=0, minf=1855
  IO depths    : 1=100.0%, 2=0.0%, 4=0.0%, 8=0.0%, 16=0.0%, 32=0.0%, >=64=0.0%
     submit    : 0=0.0%, 4=100.0%, 8=0.0%, 16=0.0%, 32=0.0%, 64=0.0%, >=64=0.0%
     complete  : 0=0.0%, 4=100.0%, 8=0.0%, 16=0.0%, 32=0.0%, 64=0.0%, >=64=0.0%
     issued r/w/d: total=0/30205/0, short=0/0/0

     lat (msec): 2=0.93%, 4=60.42%, 10=10.96%, 20=1.85%, 50=2.07%
     lat (msec): 100=1.80%, 250=3.76%, 500=3.66%, 750=3.42%, 1000=2.55%
     lat (msec): 2000=5.30%, >=2000=3.28%

Run status group 0 (all jobs):
  WRITE: io=120820KB, aggrb=999KB/s, minb=1023KB/s, maxb=1023KB/s, mint=120879msec, maxt=120879msec

Disk stats (read/write):
  rbd2: ios=251/30172, merge=0/0, ticks=26104/7680184, in_queue=7739108, util=100.00%
finish readwrite
