start readrand
filename = /dev/rbd2
start readrand
filename = /dev/rbd0
randread: (g=0): rw=randread, bs=4K-4K/4K-4K, ioengine=sync, iodepth=1
...
randread: (g=0): rw=randread, bs=4K-4K/4K-4K, ioengine=sync, iodepth=1
fio 1.59
Starting 64 processes
randread: (g=0): rw=randread, bs=4K-4K/4K-4K, ioengine=sync, iodepth=1
...
randread: (g=0): rw=randread, bs=4K-4K/4K-4K, ioengine=sync, iodepth=1
fio 1.59
Starting 64 processes

randread: (groupid=0, jobs=64): err= 0: pid=6042
  read : io=951948KB, bw=7890.7KB/s, iops=1972 , runt=120643msec
    clat (usec): min=266 , max=5225.5K, avg=32353.08, stdev=109482.53
     lat (usec): min=266 , max=5225.5K, avg=32353.23, stdev=109482.53
    bw (KB/s) : min=    1, max= 2107, per=1.80%, avg=142.32, stdev=316.81
  cpu          : usr=0.01%, sys=0.07%, ctx=248541, majf=0, minf=1983
  IO depths    : 1=100.0%, 2=0.0%, 4=0.0%, 8=0.0%, 16=0.0%, 32=0.0%, >=64=0.0%
     submit    : 0=0.0%, 4=100.0%, 8=0.0%, 16=0.0%, 32=0.0%, 64=0.0%, >=64=0.0%
     complete  : 0=0.0%, 4=100.0%, 8=0.0%, 16=0.0%, 32=0.0%, 64=0.0%, >=64=0.0%
     issued r/w/d: total=237987/0/0, short=0/0/0
     lat (usec): 500=0.47%, 750=8.45%, 1000=15.47%
     lat (msec): 2=21.25%, 4=16.24%, 10=9.15%, 20=8.54%, 50=11.42%
     lat (msec): 100=2.47%, 250=2.53%, 500=2.04%, 750=1.66%, 1000=0.28%
     lat (msec): 2000=0.01%, >=2000=0.01%

Run status group 0 (all jobs):
   READ: io=951948KB, aggrb=7890KB/s, minb=8079KB/s, maxb=8079KB/s, mint=120643msec, maxt=120643msec

Disk stats (read/write):
  rbd2: ios=237960/0, merge=0/0, ticks=7678736/0, in_queue=7693792, util=99.93%
finish readrand

randread: (groupid=0, jobs=64): err= 0: pid=6041
  read : io=910968KB, bw=7551.4KB/s, iops=1887 , runt=120636msec
    clat (usec): min=258 , max=5362.4K, avg=33791.76, stdev=106363.34
     lat (usec): min=258 , max=5362.4K, avg=33791.91, stdev=106363.34
    bw (KB/s) : min=    2, max= 2131, per=1.85%, avg=139.81, stdev=322.61
  cpu          : usr=0.01%, sys=0.07%, ctx=238054, majf=0, minf=1983
  IO depths    : 1=100.0%, 2=0.0%, 4=0.0%, 8=0.0%, 16=0.0%, 32=0.0%, >=64=0.0%
     submit    : 0=0.0%, 4=100.0%, 8=0.0%, 16=0.0%, 32=0.0%, 64=0.0%, >=64=0.0%
     complete  : 0=0.0%, 4=100.0%, 8=0.0%, 16=0.0%, 32=0.0%, 64=0.0%, >=64=0.0%
     issued r/w/d: total=227742/0/0, short=0/0/0
     lat (usec): 500=0.46%, 750=6.48%, 1000=14.48%
     lat (msec): 2=20.51%, 4=16.49%, 10=7.92%, 20=8.47%, 50=13.77%
     lat (msec): 100=4.61%, 250=3.22%, 500=1.73%, 750=1.51%, 1000=0.32%
     lat (msec): 2000=0.02%, >=2000=0.01%

Run status group 0 (all jobs):
   READ: io=910968KB, aggrb=7551KB/s, minb=7732KB/s, maxb=7732KB/s, mint=120636msec, maxt=120636msec

Disk stats (read/write):
  rbd0: ios=227726/0, merge=0/0, ticks=7681620/0, in_queue=7690968, util=99.92%
finish readrand
