start readrw
start readrw
filename = /dev/rbd2
filename = /dev/rbd0
randrw: (g=0): rw=randrw, bs=4K-4K/4K-4K, ioengine=sync, iodepth=1
...
randrw: (g=0): rw=randrw, bs=4K-4K/4K-4K, ioengine=sync, iodepth=1
fio 1.59
Starting 64 processes
randrw: (g=0): rw=randrw, bs=4K-4K/4K-4K, ioengine=sync, iodepth=1
...
randrw: (g=0): rw=randrw, bs=4K-4K/4K-4K, ioengine=sync, iodepth=1
fio 1.59
Starting 64 processes

randrw: (groupid=0, jobs=64): err= 0: pid=8330
  read : io=111504KB, bw=942336 B/s, iops=230 , runt=121167msec
    clat (usec): min=272 , max=6102.5K, avg=99412.08, stdev=379604.87
     lat (usec): min=272 , max=6102.5K, avg=99412.25, stdev=379604.87
    bw (KB/s) : min=    0, max=  230, per=2.12%, avg=19.53, stdev=22.81
  write: io=112556KB, bw=951227 B/s, iops=232 , runt=121167msec
    clat (msec): min=1 , max=7478 , avg=175.61, stdev=483.64
     lat (msec): min=1 , max=7478 , avg=175.61, stdev=483.64
    bw (KB/s) : min=    0, max=  270, per=2.07%, avg=19.25, stdev=22.26
  cpu          : usr=0.00%, sys=0.02%, ctx=56283, majf=0, minf=1919
  IO depths    : 1=100.0%, 2=0.0%, 4=0.0%, 8=0.0%, 16=0.0%, 32=0.0%, >=64=0.0%
     submit    : 0=0.0%, 4=100.0%, 8=0.0%, 16=0.0%, 32=0.0%, 64=0.0%, >=64=0.0%
     complete  : 0=0.0%, 4=100.0%, 8=0.0%, 16=0.0%, 32=0.0%, 64=0.0%, >=64=0.0%
     issued r/w/d: total=27876/28139/0, short=0/0/0
     lat (usec): 500=1.45%, 750=11.23%, 1000=13.08%
     lat (msec): 2=11.85%, 4=34.09%, 10=8.68%, 20=1.32%, 50=1.87%
     lat (msec): 100=1.01%, 250=2.67%, 500=3.34%, 750=2.71%, 1000=2.08%
     lat (msec): 2000=3.41%, >=2000=1.21%

Run status group 0 (all jobs):
   READ: io=111504KB, aggrb=920KB/s, minb=942KB/s, maxb=942KB/s, mint=121167msec, maxt=121167msec
  WRITE: io=112556KB, aggrb=928KB/s, minb=951KB/s, maxb=951KB/s, mint=121167msec, maxt=121167msec

Disk stats (read/write):
  rbd2: ios=28202/28139, merge=0/0, ticks=2779372/4940792, in_queue=7722520, util=100.00%
finish readrw

randrw: (groupid=0, jobs=64): err= 0: pid=8331
  read : io=115952KB, bw=975347 B/s, iops=238 , runt=121736msec
    clat (usec): min=280 , max=4959.1K, avg=95439.44, stdev=360822.48
     lat (usec): min=280 , max=4959.1K, avg=95439.60, stdev=360822.48
    bw (KB/s) : min=    0, max=  344, per=2.16%, avg=20.60, stdev=25.58
  write: io=117008KB, bw=984229 B/s, iops=240 , runt=121736msec
    clat (msec): min=1 , max=5122 , avg=168.97, stdev=465.89
     lat (msec): min=1 , max=5122 , avg=168.97, stdev=465.89
    bw (KB/s) : min=    0, max=  330, per=2.11%, avg=20.30, stdev=24.78
  cpu          : usr=0.00%, sys=0.02%, ctx=58367, majf=0, minf=1855
  IO depths    : 1=100.0%, 2=0.0%, 4=0.0%, 8=0.0%, 16=0.0%, 32=0.0%, >=64=0.0%
     submit    : 0=0.0%, 4=100.0%, 8=0.0%, 16=0.0%, 32=0.0%, 64=0.0%, >=64=0.0%
     complete  : 0=0.0%, 4=100.0%, 8=0.0%, 16=0.0%, 32=0.0%, 64=0.0%, >=64=0.0%
     issued r/w/d: total=28988/29252/0, short=0/0/0
     lat (usec): 500=1.41%, 750=11.41%, 1000=13.01%
     lat (msec): 2=11.99%, 4=34.34%, 10=8.60%, 20=1.35%, 50=1.93%
     lat (msec): 100=0.98%, 250=2.42%, 500=3.36%, 750=2.66%, 1000=1.98%
     lat (msec): 2000=3.51%, >=2000=1.04%

Run status group 0 (all jobs):
   READ: io=115952KB, aggrb=952KB/s, minb=975KB/s, maxb=975KB/s, mint=121736msec, maxt=121736msec
  WRITE: io=117008KB, aggrb=961KB/s, minb=984KB/s, maxb=984KB/s, mint=121736msec, maxt=121736msec

Disk stats (read/write):
  rbd0: ios=28988/29252, merge=0/0, ticks=2764636/4942340, in_queue=7710400, util=99.92%
finish readrw
