start readrw
filename = /dev/rbd0
start readrw
filename = /dev/rbd2
randrw: (g=0): rw=randrw, bs=4K-4K/4K-4K, ioengine=sync, iodepth=1
...
randrw: (g=0): rw=randrw, bs=4K-4K/4K-4K, ioengine=sync, iodepth=1
fio 1.59
Starting 64 processes
randrw: (g=0): rw=randrw, bs=4K-4K/4K-4K, ioengine=sync, iodepth=1
...
randrw: (g=0): rw=randrw, bs=4K-4K/4K-4K, ioengine=sync, iodepth=1
fio 1.59
Starting 64 processes

randrw: (groupid=0, jobs=64): err= 0: pid=7914
  read : io=119748KB, bw=991.56KB/s, iops=247 , runt=120769msec
    clat (usec): min=289 , max=5864.8K, avg=91675.69, stdev=341928.74
     lat (usec): min=289 , max=5864.8K, avg=91675.84, stdev=341928.74
    bw (KB/s) : min=    0, max=  281, per=2.16%, avg=21.42, stdev=25.61
  write: io=120668KB, bw=999.17KB/s, iops=249 , runt=120769msec
    clat (msec): min=1 , max=6240 , avg=164.26, stdev=447.18
     lat (msec): min=1 , max=6240 , avg=164.27, stdev=447.18
    bw (KB/s) : min=    0, max=  285, per=2.10%, avg=20.97, stdev=24.84
  cpu          : usr=0.00%, sys=0.02%, ctx=60234, majf=0, minf=1855
  IO depths    : 1=100.0%, 2=0.0%, 4=0.0%, 8=0.0%, 16=0.0%, 32=0.0%, >=64=0.0%
     submit    : 0=0.0%, 4=100.0%, 8=0.0%, 16=0.0%, 32=0.0%, 64=0.0%, >=64=0.0%
     complete  : 0=0.0%, 4=100.0%, 8=0.0%, 16=0.0%, 32=0.0%, 64=0.0%, >=64=0.0%
     issued r/w/d: total=29937/30167/0, short=0/0/0
     lat (usec): 500=1.36%, 750=11.44%, 1000=12.89%
     lat (msec): 2=11.95%, 4=34.48%, 10=8.18%, 20=1.60%, 50=2.01%
     lat (msec): 100=1.23%, 250=2.88%, 500=3.27%, 750=2.28%, 1000=1.61%
     lat (msec): 2000=3.79%, >=2000=1.02%

Run status group 0 (all jobs):
   READ: io=119748KB, aggrb=991KB/s, minb=1015KB/s, maxb=1015KB/s, mint=120769msec, maxt=120769msec
  WRITE: io=120668KB, aggrb=999KB/s, minb=1023KB/s, maxb=1023KB/s, mint=120769msec, maxt=120769msec

Disk stats (read/write):
  rbd0: ios=29969/30147, merge=0/0, ticks=2739888/4938844, in_queue=7696200, util=99.95%
finish readrw

randrw: (groupid=0, jobs=64): err= 0: pid=7915
  read : io=112668KB, bw=952763 B/s, iops=232 , runt=121092msec
    clat (usec): min=278 , max=8276.9K, avg=99451.75, stdev=403113.03
     lat (usec): min=278 , max=8276.9K, avg=99451.90, stdev=403113.04
    bw (KB/s) : min=    0, max=  247, per=2.24%, avg=20.83, stdev=24.60
  write: io=112456KB, bw=950970 B/s, iops=232 , runt=121092msec
    clat (msec): min=1 , max=8158 , avg=174.25, stdev=497.37
     lat (msec): min=1 , max=8158 , avg=174.25, stdev=497.37
    bw (KB/s) : min=    0, max=  231, per=2.20%, avg=20.38, stdev=23.64
  cpu          : usr=0.00%, sys=0.02%, ctx=56405, majf=0, minf=1855
  IO depths    : 1=100.0%, 2=0.0%, 4=0.0%, 8=0.0%, 16=0.0%, 32=0.0%, >=64=0.0%
     submit    : 0=0.0%, 4=100.0%, 8=0.0%, 16=0.0%, 32=0.0%, 64=0.0%, >=64=0.0%
     complete  : 0=0.0%, 4=100.0%, 8=0.0%, 16=0.0%, 32=0.0%, 64=0.0%, >=64=0.0%
     issued r/w/d: total=28167/28114/0, short=0/0/0
     lat (usec): 500=1.46%, 750=11.58%, 1000=12.95%
     lat (msec): 2=11.75%, 4=33.99%, 10=8.34%, 20=1.50%, 50=2.01%
     lat (msec): 100=1.25%, 250=3.04%, 500=3.29%, 750=2.31%, 1000=1.73%
     lat (msec): 2000=3.51%, >=2000=1.28%

Run status group 0 (all jobs):
   READ: io=112668KB, aggrb=930KB/s, minb=952KB/s, maxb=952KB/s, mint=121092msec, maxt=121092msec
  WRITE: io=112456KB, aggrb=928KB/s, minb=950KB/s, maxb=950KB/s, mint=121092msec, maxt=121092msec

Disk stats (read/write):
  rbd2: ios=28259/28114, merge=0/0, ticks=2799764/4898640, in_queue=7700692, util=99.99%
finish readrw
