start readwrite
filename = /dev/rbd2
start readwrite
filename = /dev/rbd0
randwrite: (g=0): rw=randwrite, bs=4K-4K/4K-4K, ioengine=sync, iodepth=1
...
randwrite: (g=0): rw=randwrite, bs=4K-4K/4K-4K, ioengine=sync, iodepth=1
fio 1.59
Starting 64 processes
randwrite: (g=0): rw=randwrite, bs=4K-4K/4K-4K, ioengine=sync, iodepth=1
...
randwrite: (g=0): rw=randwrite, bs=4K-4K/4K-4K, ioengine=sync, iodepth=1
fio 1.59
Starting 64 processes

randwrite: (groupid=0, jobs=64): err= 0: pid=6381
  write: io=141364KB, bw=1159.9KB/s, iops=289 , runt=121962msec
    clat (msec): min=1 , max=8195 , avg=219.33, stdev=584.28
     lat (msec): min=1 , max=8195 , avg=219.33, stdev=584.28
    bw (KB/s) : min=    0, max=  512, per=2.15%, avg=24.88, stdev=34.01
  cpu          : usr=0.00%, sys=0.01%, ctx=35542, majf=0, minf=1855
  IO depths    : 1=100.0%, 2=0.0%, 4=0.0%, 8=0.0%, 16=0.0%, 32=0.0%, >=64=0.0%
     submit    : 0=0.0%, 4=100.0%, 8=0.0%, 16=0.0%, 32=0.0%, 64=0.0%, >=64=0.0%
     complete  : 0=0.0%, 4=100.0%, 8=0.0%, 16=0.0%, 32=0.0%, 64=0.0%, >=64=0.0%
     issued r/w/d: total=0/35341/0, short=0/0/0

     lat (msec): 2=0.80%, 4=61.85%, 10=10.38%, 20=1.51%, 50=1.81%
     lat (msec): 100=1.89%, 250=3.75%, 500=4.32%, 750=2.95%, 1000=2.57%
     lat (msec): 2000=5.71%, >=2000=2.46%

Run status group 0 (all jobs):
  WRITE: io=141364KB, aggrb=1159KB/s, minb=1186KB/s, maxb=1186KB/s, mint=121962msec, maxt=121962msec

Disk stats (read/write):
  rbd2: ios=289/35322, merge=0/0, ticks=13800/7697760, in_queue=7762408, util=100.00%
finish readwrite

randwrite: (groupid=0, jobs=64): err= 0: pid=6380
  write: io=138820KB, bw=1138.8KB/s, iops=284 , runt=121985msec
    clat (msec): min=1 , max=7782 , avg=223.38, stdev=581.01
     lat (msec): min=1 , max=7782 , avg=223.38, stdev=581.01
    bw (KB/s) : min=    0, max=  497, per=2.11%, avg=23.99, stdev=30.90
  cpu          : usr=0.00%, sys=0.01%, ctx=34924, majf=0, minf=1855
  IO depths    : 1=100.0%, 2=0.0%, 4=0.0%, 8=0.0%, 16=0.0%, 32=0.0%, >=64=0.0%
     submit    : 0=0.0%, 4=100.0%, 8=0.0%, 16=0.0%, 32=0.0%, 64=0.0%, >=64=0.0%
     complete  : 0=0.0%, 4=100.0%, 8=0.0%, 16=0.0%, 32=0.0%, 64=0.0%, >=64=0.0%
     issued r/w/d: total=0/34705/0, short=0/0/0

     lat (msec): 2=1.05%, 4=61.01%, 10=10.03%, 20=1.38%, 50=1.76%
     lat (msec): 100=2.14%, 250=3.96%, 500=4.47%, 750=3.11%, 1000=2.84%
     lat (msec): 2000=5.94%, >=2000=2.31%

Run status group 0 (all jobs):
  WRITE: io=138820KB, aggrb=1138KB/s, minb=1165KB/s, maxb=1165KB/s, mint=121985msec, maxt=121985msec

Disk stats (read/write):
  rbd0: ios=347/34685, merge=0/0, ticks=15412/7693076, in_queue=7765288, util=100.00%
finish readwrite
