start readrw
filename = /dev/rbd0
start readrw
filename = /dev/rbd2
randrw: (g=0): rw=randrw, bs=4K-4K/4K-4K, ioengine=sync, iodepth=1
...
randrw: (g=0): rw=randrw, bs=4K-4K/4K-4K, ioengine=sync, iodepth=1
fio 1.59
Starting 64 processes
randrw: (g=0): rw=randrw, bs=4K-4K/4K-4K, ioengine=sync, iodepth=1
...
randrw: (g=0): rw=randrw, bs=4K-4K/4K-4K, ioengine=sync, iodepth=1
fio 1.59
Starting 64 processes

randrw: (groupid=0, jobs=64): err= 0: pid=8136
  read : io=115616KB, bw=974449 B/s, iops=237 , runt=121495msec
    clat (usec): min=288 , max=5847.3K, avg=96532.43, stdev=357986.74
     lat (usec): min=288 , max=5847.3K, avg=96532.59, stdev=357986.74
    bw (KB/s) : min=    0, max=  225, per=2.17%, avg=20.59, stdev=24.68
  write: io=114920KB, bw=968583 B/s, iops=236 , runt=121495msec
    clat (msec): min=1 , max=6202 , avg=172.01, stdev=466.10
     lat (msec): min=1 , max=6202 , avg=172.02, stdev=466.10
    bw (KB/s) : min=    0, max=  244, per=2.12%, avg=20.00, stdev=23.77
  cpu          : usr=0.00%, sys=0.02%, ctx=57776, majf=0, minf=1855
  IO depths    : 1=100.0%, 2=0.0%, 4=0.0%, 8=0.0%, 16=0.0%, 32=0.0%, >=64=0.0%
     submit    : 0=0.0%, 4=100.0%, 8=0.0%, 16=0.0%, 32=0.0%, 64=0.0%, >=64=0.0%
     complete  : 0=0.0%, 4=100.0%, 8=0.0%, 16=0.0%, 32=0.0%, 64=0.0%, >=64=0.0%
     issued r/w/d: total=28904/28730/0, short=0/0/0
     lat (usec): 500=1.51%, 750=11.12%, 1000=13.01%
     lat (msec): 2=11.85%, 4=33.82%, 10=8.60%, 20=1.59%, 50=1.96%
     lat (msec): 100=1.31%, 250=2.53%, 500=3.24%, 750=2.78%, 1000=2.00%
     lat (msec): 2000=3.51%, >=2000=1.18%

Run status group 0 (all jobs):
   READ: io=115616KB, aggrb=951KB/s, minb=974KB/s, maxb=974KB/s, mint=121495msec, maxt=121495msec
  WRITE: io=114920KB, aggrb=945KB/s, minb=968KB/s, maxb=968KB/s, mint=121495msec, maxt=121495msec

Disk stats (read/write):
  rbd2: ios=28899/28719, merge=0/0, ticks=2781944/4916088, in_queue=7730676, util=99.91%
finish readrw

randrw: (groupid=0, jobs=64): err= 0: pid=8135
  read : io=113540KB, bw=956944 B/s, iops=233 , runt=121496msec
    clat (usec): min=268 , max=5241.8K, avg=96928.76, stdev=356087.18
     lat (usec): min=268 , max=5241.8K, avg=96928.92, stdev=356087.18
    bw (KB/s) : min=    0, max=  286, per=2.17%, avg=20.25, stdev=24.93
  write: io=114432KB, bw=964462 B/s, iops=235 , runt=121496msec
    clat (msec): min=1 , max=5145 , avg=174.38, stdev=463.53
     lat (msec): min=1 , max=5145 , avg=174.38, stdev=463.53
    bw (KB/s) : min=    0, max=  262, per=2.12%, avg=19.92, stdev=24.24
  cpu          : usr=0.00%, sys=0.02%, ctx=57215, majf=0, minf=1854
  IO depths    : 1=100.0%, 2=0.0%, 4=0.0%, 8=0.0%, 16=0.0%, 32=0.0%, >=64=0.0%
     submit    : 0=0.0%, 4=100.0%, 8=0.0%, 16=0.0%, 32=0.0%, 64=0.0%, >=64=0.0%
     complete  : 0=0.0%, 4=100.0%, 8=0.0%, 16=0.0%, 32=0.0%, 64=0.0%, >=64=0.0%
     issued r/w/d: total=28385/28608/0, short=0/0/0
     lat (usec): 500=1.42%, 750=11.27%, 1000=13.05%
     lat (msec): 2=11.76%, 4=33.77%, 10=8.44%, 20=1.56%, 50=1.97%
     lat (msec): 100=1.27%, 250=2.44%, 500=3.42%, 750=2.84%, 1000=2.01%
     lat (msec): 2000=3.60%, >=2000=1.18%

Run status group 0 (all jobs):
   READ: io=113540KB, aggrb=934KB/s, minb=956KB/s, maxb=956KB/s, mint=121496msec, maxt=121496msec
  WRITE: io=114432KB, aggrb=941KB/s, minb=964KB/s, maxb=964KB/s, mint=121496msec, maxt=121496msec

Disk stats (read/write):
  rbd0: ios=28609/28608, merge=0/0, ticks=2749564/4988084, in_queue=7740768, util=100.00%
finish readrw
