start readwrite
filename = /dev/rbd1
start readwrite
start readwrite
filename = /dev/rbd0
filename = /dev/rbd2
randwrite: (g=0): rw=randwrite, bs=4K-4K/4K-4K, ioengine=sync, iodepth=1
...
randwrite: (g=0): rw=randwrite, bs=4K-4K/4K-4K, ioengine=sync, iodepth=1
fio 1.59
Starting 64 processes
randwrite: (g=0): rw=randwrite, bs=4K-4K/4K-4K, ioengine=sync, iodepth=1
...
randwrite: (g=0): rw=randwrite, bs=4K-4K/4K-4K, ioengine=sync, iodepth=1
fio 1.59
Starting 64 processes
randwrite: (g=0): rw=randwrite, bs=4K-4K/4K-4K, ioengine=sync, iodepth=1
...
randwrite: (g=0): rw=randwrite, bs=4K-4K/4K-4K, ioengine=sync, iodepth=1
fio 1.59
Starting 64 processes

randwrite: (groupid=0, jobs=64): err= 0: pid=9260
  write: io=94568KB, bw=781642 B/s, iops=190 , runt=123890msec
    clat (msec): min=1 , max=14006 , avg=331.45, stdev=897.58
     lat (msec): min=1 , max=14006 , avg=331.45, stdev=897.58
    bw (KB/s) : min=    0, max=  319, per=2.34%, avg=17.88, stdev=24.13
  cpu          : usr=0.00%, sys=0.01%, ctx=23664, majf=0, minf=1855
  IO depths    : 1=100.0%, 2=0.0%, 4=0.0%, 8=0.0%, 16=0.0%, 32=0.0%, >=64=0.0%
     submit    : 0=0.0%, 4=100.0%, 8=0.0%, 16=0.0%, 32=0.0%, 64=0.0%, >=64=0.0%
     complete  : 0=0.0%, 4=100.0%, 8=0.0%, 16=0.0%, 32=0.0%, 64=0.0%, >=64=0.0%
     issued r/w/d: total=0/23642/0, short=0/0/0

     lat (msec): 2=0.76%, 4=57.38%, 10=10.35%, 20=1.66%, 50=1.86%
     lat (msec): 100=1.67%, 250=3.87%, 500=4.71%, 750=3.87%, 1000=3.07%
     lat (msec): 2000=6.12%, >=2000=4.70%

Run status group 0 (all jobs):
  WRITE: io=94568KB, aggrb=763KB/s, minb=781KB/s, maxb=781KB/s, mint=123890msec, maxt=123890msec

Disk stats (read/write):
  rbd0: ios=225/23639, merge=0/0, ticks=156/7823096, in_queue=7835316, util=100.00%
finish readwrite

randwrite: (groupid=0, jobs=64): err= 0: pid=9258
  write: io=99920KB, bw=826772 B/s, iops=201 , runt=123756msec
    clat (msec): min=1 , max=7898 , avg=312.99, stdev=787.02
     lat (msec): min=1 , max=7898 , avg=312.99, stdev=787.02
    bw (KB/s) : min=    0, max=  270, per=2.24%, avg=18.12, stdev=22.20
  cpu          : usr=0.00%, sys=0.01%, ctx=25193, majf=0, minf=1855
  IO depths    : 1=100.0%, 2=0.0%, 4=0.0%, 8=0.0%, 16=0.0%, 32=0.0%, >=64=0.0%
     submit    : 0=0.0%, 4=100.0%, 8=0.0%, 16=0.0%, 32=0.0%, 64=0.0%, >=64=0.0%
     complete  : 0=0.0%, 4=100.0%, 8=0.0%, 16=0.0%, 32=0.0%, 64=0.0%, >=64=0.0%
     issued r/w/d: total=0/24980/0, short=0/0/0

     lat (msec): 2=0.82%, 4=57.11%, 10=9.98%, 20=1.64%, 50=2.16%
     lat (msec): 100=1.78%, 250=3.97%, 500=4.89%, 750=3.88%, 1000=3.05%
     lat (msec): 2000=6.42%, >=2000=4.30%

Run status group 0 (all jobs):
  WRITE: io=99920KB, aggrb=807KB/s, minb=826KB/s, maxb=826KB/s, mint=123756msec, maxt=123756msec

Disk stats (read/write):
  rbd1: ios=262/24978, merge=0/0, ticks=13824/7810352, in_queue=7831364, util=100.00%
finish readwrite

randwrite: (groupid=0, jobs=64): err= 0: pid=9261
  write: io=114920KB, bw=932805 B/s, iops=227 , runt=126155msec
    clat (msec): min=1 , max=8872 , avg=272.92, stdev=707.94
     lat (msec): min=1 , max=8872 , avg=272.92, stdev=707.94
    bw (KB/s) : min=    0, max=  444, per=2.36%, avg=21.48, stdev=31.74
  cpu          : usr=0.00%, sys=0.01%, ctx=28756, majf=0, minf=1855
  IO depths    : 1=100.0%, 2=0.0%, 4=0.0%, 8=0.0%, 16=0.0%, 32=0.0%, >=64=0.0%
     submit    : 0=0.0%, 4=100.0%, 8=0.0%, 16=0.0%, 32=0.0%, 64=0.0%, >=64=0.0%
     complete  : 0=0.0%, 4=100.0%, 8=0.0%, 16=0.0%, 32=0.0%, 64=0.0%, >=64=0.0%
     issued r/w/d: total=0/28730/0, short=0/0/0

     lat (msec): 2=0.96%, 4=57.90%, 10=11.15%, 20=1.65%, 50=1.98%
     lat (msec): 100=1.84%, 250=3.67%, 500=4.93%, 750=3.60%, 1000=2.94%
     lat (msec): 2000=5.89%, >=2000=3.49%

Run status group 0 (all jobs):
  WRITE: io=114920KB, aggrb=910KB/s, minb=932KB/s, maxb=932KB/s, mint=126155msec, maxt=126155msec

Disk stats (read/write):
  rbd2: ios=141/28729, merge=0/0, ticks=4144/7834296, in_queue=7844516, util=99.95%
finish readwrite
