start readrand
start readrand
filename = /dev/rbd2
filename = /dev/rbd1
start readrand
filename = /dev/rbd0
randread: (g=0): rw=randread, bs=4K-4K/4K-4K, ioengine=sync, iodepth=1
...
randread: (g=0): rw=randread, bs=4K-4K/4K-4K, ioengine=sync, iodepth=1
fio 1.59
Starting 64 processes
randread: (g=0): rw=randread, bs=4K-4K/4K-4K, ioengine=sync, iodepth=1
...
randread: (g=0): rw=randread, bs=4K-4K/4K-4K, ioengine=sync, iodepth=1
fio 1.59
Starting 64 processes
randread: (g=0): rw=randread, bs=4K-4K/4K-4K, ioengine=sync, iodepth=1
...
randread: (g=0): rw=randread, bs=4K-4K/4K-4K, ioengine=sync, iodepth=1
fio 1.59
Starting 64 processes

randread: (groupid=0, jobs=64): err= 0: pid=9016
  read : io=1143.4MB, bw=9726.2KB/s, iops=2431 , runt=120380msec
    clat (usec): min=269 , max=5026.8K, avg=26263.02, stdev=103104.93
     lat (usec): min=269 , max=5026.8K, avg=26263.17, stdev=103104.93
    bw (KB/s) : min=    0, max= 1760, per=1.94%, avg=188.63, stdev=308.18
  cpu          : usr=0.01%, sys=0.11%, ctx=326457, majf=0, minf=1983
  IO depths    : 1=100.0%, 2=0.0%, 4=0.0%, 8=0.0%, 16=0.0%, 32=0.0%, >=64=0.0%
     submit    : 0=0.0%, 4=100.0%, 8=0.0%, 16=0.0%, 32=0.0%, 64=0.0%, >=64=0.0%
     complete  : 0=0.0%, 4=100.0%, 8=0.0%, 16=0.0%, 32=0.0%, 64=0.0%, >=64=0.0%
     issued r/w/d: total=292707/0/0, short=0/0/0
     lat (usec): 500=0.48%, 750=6.27%, 1000=9.89%
     lat (msec): 2=19.25%, 4=21.29%, 10=17.37%, 20=9.18%, 50=8.72%
     lat (msec): 100=2.39%, 250=2.61%, 500=1.31%, 750=0.62%, 1000=0.50%
     lat (msec): 2000=0.12%, >=2000=0.01%

Run status group 0 (all jobs):
   READ: io=1143.4MB, aggrb=9726KB/s, minb=9959KB/s, maxb=9959KB/s, mint=120380msec, maxt=120380msec

Disk stats (read/write):
  rbd0: ios=292679/0, merge=0/0, ticks=7675992/0, in_queue=7680844, util=99.90%
finish readrand

randread: (groupid=0, jobs=64): err= 0: pid=9019
  read : io=1167.4MB, bw=9933.8KB/s, iops=2483 , runt=120335msec
    clat (usec): min=276 , max=1997.7K, avg=25724.89, stdev=99934.81
     lat (usec): min=276 , max=1997.7K, avg=25725.04, stdev=99934.81
    bw (KB/s) : min=    2, max= 1720, per=1.95%, avg=193.48, stdev=321.95
  cpu          : usr=0.01%, sys=0.11%, ctx=336179, majf=0, minf=1983
  IO depths    : 1=100.0%, 2=0.0%, 4=0.0%, 8=0.0%, 16=0.0%, 32=0.0%, >=64=0.0%
     submit    : 0=0.0%, 4=100.0%, 8=0.0%, 16=0.0%, 32=0.0%, 64=0.0%, >=64=0.0%
     complete  : 0=0.0%, 4=100.0%, 8=0.0%, 16=0.0%, 32=0.0%, 64=0.0%, >=64=0.0%
     issued r/w/d: total=298845/0/0, short=0/0/0
     lat (usec): 500=0.52%, 750=6.17%, 1000=9.81%
     lat (msec): 2=19.79%, 4=21.96%, 10=17.90%, 20=8.73%, 50=7.88%
     lat (msec): 100=2.18%, 250=2.47%, 500=1.32%, 750=0.64%, 1000=0.51%
     lat (msec): 2000=0.11%

Run status group 0 (all jobs):
   READ: io=1167.4MB, aggrb=9933KB/s, minb=10172KB/s, maxb=10172KB/s, mint=120335msec, maxt=120335msec

Disk stats (read/write):
  rbd2: ios=298810/0, merge=0/0, ticks=7672848/0, in_queue=7680184, util=99.91%
finish readrand

randread: (groupid=0, jobs=64): err= 0: pid=9018
  read : io=1046.9MB, bw=8903.2KB/s, iops=2225 , runt=120407msec
    clat (usec): min=289 , max=3861.7K, avg=28683.42, stdev=105010.05
     lat (usec): min=289 , max=3861.7K, avg=28683.57, stdev=105010.06
    bw (KB/s) : min=    1, max= 1904, per=1.97%, avg=174.95, stdev=308.28
  cpu          : usr=0.01%, sys=0.10%, ctx=301004, majf=0, minf=1983
  IO depths    : 1=100.0%, 2=0.0%, 4=0.0%, 8=0.0%, 16=0.0%, 32=0.0%, >=64=0.0%
     submit    : 0=0.0%, 4=100.0%, 8=0.0%, 16=0.0%, 32=0.0%, 64=0.0%, >=64=0.0%
     complete  : 0=0.0%, 4=100.0%, 8=0.0%, 16=0.0%, 32=0.0%, 64=0.0%, >=64=0.0%
     issued r/w/d: total=268001/0/0, short=0/0/0
     lat (usec): 500=0.45%, 750=4.95%, 1000=9.10%
     lat (msec): 2=18.76%, 4=21.31%, 10=16.82%, 20=8.90%, 50=10.39%
     lat (msec): 100=3.71%, 250=3.01%, 500=1.30%, 750=0.63%, 1000=0.50%
     lat (msec): 2000=0.15%, >=2000=0.01%

Run status group 0 (all jobs):
   READ: io=1046.9MB, aggrb=8903KB/s, minb=9116KB/s, maxb=9116KB/s, mint=120407msec, maxt=120407msec

Disk stats (read/write):
  rbd1: ios=267971/0, merge=0/0, ticks=7674436/0, in_queue=7681160, util=99.90%
finish readrand
