start readrand
filename = /dev/rbd0
start readrand
start readrand
filename = /dev/rbd1
filename = /dev/rbd2
randread: (g=0): rw=randread, bs=4K-4K/4K-4K, ioengine=sync, iodepth=1
...
randread: (g=0): rw=randread, bs=4K-4K/4K-4K, ioengine=sync, iodepth=1
fio 1.59
Starting 64 processes
randread: (g=0): rw=randread, bs=4K-4K/4K-4K, ioengine=sync, iodepth=1
...
randread: (g=0): rw=randread, bs=4K-4K/4K-4K, ioengine=sync, iodepth=1
fio 1.59
Starting 64 processes
randread: (g=0): rw=randread, bs=4K-4K/4K-4K, ioengine=sync, iodepth=1
...
randread: (g=0): rw=randread, bs=4K-4K/4K-4K, ioengine=sync, iodepth=1
fio 1.59
Starting 64 processes

randread: (groupid=0, jobs=64): err= 0: pid=8551
  read : io=673848KB, bw=5598.4KB/s, iops=1399 , runt=120366msec
    clat (usec): min=276 , max=5465.9K, avg=45633.65, stdev=155755.38
     lat (usec): min=276 , max=5465.9K, avg=45633.80, stdev=155755.39
    bw (KB/s) : min=    1, max= 1952, per=1.92%, avg=107.65, stdev=209.88
  cpu          : usr=0.01%, sys=0.05%, ctx=176026, majf=0, minf=1983
  IO depths    : 1=100.0%, 2=0.0%, 4=0.0%, 8=0.0%, 16=0.0%, 32=0.0%, >=64=0.0%
     submit    : 0=0.0%, 4=100.0%, 8=0.0%, 16=0.0%, 32=0.0%, 64=0.0%, >=64=0.0%
     complete  : 0=0.0%, 4=100.0%, 8=0.0%, 16=0.0%, 32=0.0%, 64=0.0%, >=64=0.0%
     issued r/w/d: total=168462/0/0, short=0/0/0
     lat (usec): 500=0.45%, 750=8.06%, 1000=14.50%
     lat (msec): 2=18.54%, 4=15.02%, 10=9.94%, 20=9.55%, 50=12.87%
     lat (msec): 100=2.84%, 250=3.25%, 500=1.99%, 750=1.18%, 1000=1.44%
     lat (msec): 2000=0.35%, >=2000=0.02%

Run status group 0 (all jobs):
   READ: io=673848KB, aggrb=5598KB/s, minb=5732KB/s, maxb=5732KB/s, mint=120366msec, maxt=120366msec

Disk stats (read/write):
  rbd0: ios=168433/0, merge=0/0, ticks=7678504/0, in_queue=7683848, util=99.90%
finish readrand

randread: (groupid=0, jobs=64): err= 0: pid=8554
  read : io=606512KB, bw=5037.1KB/s, iops=1259 , runt=120390msec
    clat (usec): min=263 , max=6189.3K, avg=50706.59, stdev=171563.73
     lat (usec): min=263 , max=6189.3K, avg=50706.74, stdev=171563.73
    bw (KB/s) : min=    0, max= 1884, per=1.93%, avg=97.42, stdev=203.27
  cpu          : usr=0.01%, sys=0.05%, ctx=158289, majf=0, minf=1982
  IO depths    : 1=100.0%, 2=0.0%, 4=0.0%, 8=0.0%, 16=0.0%, 32=0.0%, >=64=0.0%
     submit    : 0=0.0%, 4=100.0%, 8=0.0%, 16=0.0%, 32=0.0%, 64=0.0%, >=64=0.0%
     complete  : 0=0.0%, 4=100.0%, 8=0.0%, 16=0.0%, 32=0.0%, 64=0.0%, >=64=0.0%
     issued r/w/d: total=151628/0/0, short=0/0/0
     lat (usec): 500=0.45%, 750=7.99%, 1000=14.33%
     lat (msec): 2=18.31%, 4=14.91%, 10=9.70%, 20=9.59%, 50=12.96%
     lat (msec): 100=2.82%, 250=3.26%, 500=2.27%, 750=1.36%, 1000=1.65%
     lat (msec): 2000=0.36%, >=2000=0.05%

Run status group 0 (all jobs):
   READ: io=606512KB, aggrb=5037KB/s, minb=5158KB/s, maxb=5158KB/s, mint=120390msec, maxt=120390msec

Disk stats (read/write):
  rbd2: ios=151598/0, merge=0/0, ticks=7676136/0, in_queue=7684160, util=99.90%
finish readrand

randread: (groupid=0, jobs=64): err= 0: pid=8552
  read : io=348580KB, bw=2896.3KB/s, iops=724 , runt=120356msec
    clat (usec): min=386 , max=5736.7K, avg=88212.79, stdev=245103.24
     lat (usec): min=386 , max=5736.7K, avg=88212.94, stdev=245103.24
    bw (KB/s) : min=    0, max=  317, per=1.86%, avg=53.85, stdev=44.06
  cpu          : usr=0.00%, sys=0.03%, ctx=87218, majf=0, minf=1983
  IO depths    : 1=100.0%, 2=0.0%, 4=0.0%, 8=0.0%, 16=0.0%, 32=0.0%, >=64=0.0%
     submit    : 0=0.0%, 4=100.0%, 8=0.0%, 16=0.0%, 32=0.0%, 64=0.0%, >=64=0.0%
     complete  : 0=0.0%, 4=100.0%, 8=0.0%, 16=0.0%, 32=0.0%, 64=0.0%, >=64=0.0%
     issued r/w/d: total=87145/0/0, short=0/0/0
     lat (usec): 500=0.02%, 750=3.77%, 1000=14.83%
     lat (msec): 2=7.02%, 4=3.56%, 10=6.04%, 20=13.87%, 50=26.08%
     lat (msec): 100=9.17%, 250=6.85%, 500=3.60%, 750=1.88%, 1000=2.39%
     lat (msec): 2000=0.75%, >=2000=0.16%

Run status group 0 (all jobs):
   READ: io=348580KB, aggrb=2896KB/s, minb=2965KB/s, maxb=2965KB/s, mint=120356msec, maxt=120356msec

Disk stats (read/write):
  rbd1: ios=87121/0, merge=0/0, ticks=7678096/0, in_queue=7684492, util=99.90%
finish readrand
