start readrw
filename = /dev/rbd0
start readrw
filename = /dev/rbd1
start readrw
filename = /dev/rbd2
randrw: (g=0): rw=randrw, bs=4K-4K/4K-4K, ioengine=sync, iodepth=1
...
randrw: (g=0): rw=randrw, bs=4K-4K/4K-4K, ioengine=sync, iodepth=1
fio 1.59
Starting 64 processes
randrw: (g=0): rw=randrw, bs=4K-4K/4K-4K, ioengine=sync, iodepth=1
...
randrw: (g=0): rw=randrw, bs=4K-4K/4K-4K, ioengine=sync, iodepth=1
fio 1.59
Starting 64 processes
randrw: (g=0): rw=randrw, bs=4K-4K/4K-4K, ioengine=sync, iodepth=1
...
randrw: (g=0): rw=randrw, bs=4K-4K/4K-4K, ioengine=sync, iodepth=1
fio 1.59
Starting 64 processes

randrw: (groupid=0, jobs=64): err= 0: pid=12660
  read : io=68676KB, bw=579234 B/s, iops=141 , runt=121409msec
    clat (usec): min=278 , max=16118K, avg=170786.24, stdev=755572.55
     lat (usec): min=278 , max=16118K, avg=170786.39, stdev=755572.56
    bw (KB/s) : min=    0, max=  159, per=2.43%, avg=13.71, stdev=16.13
  write: io=69064KB, bw=582506 B/s, iops=142 , runt=121409msec
    clat (msec): min=1 , max=15544 , avg=277.94, stdev=778.72
     lat (msec): min=1 , max=15544 , avg=277.95, stdev=778.72
    bw (KB/s) : min=    0, max=  160, per=2.34%, avg=13.31, stdev=15.13
  cpu          : usr=0.00%, sys=0.01%, ctx=34525, majf=0, minf=1855
  IO depths    : 1=100.0%, 2=0.0%, 4=0.0%, 8=0.0%, 16=0.0%, 32=0.0%, >=64=0.0%
     submit    : 0=0.0%, 4=100.0%, 8=0.0%, 16=0.0%, 32=0.0%, 64=0.0%, >=64=0.0%
     complete  : 0=0.0%, 4=100.0%, 8=0.0%, 16=0.0%, 32=0.0%, 64=0.0%, >=64=0.0%
     issued r/w/d: total=17169/17266/0, short=0/0/0
     lat (usec): 500=1.42%, 750=10.66%, 1000=12.49%
     lat (msec): 2=11.59%, 4=31.75%, 10=8.06%, 20=1.47%, 50=1.98%
     lat (msec): 100=1.23%, 250=2.78%, 500=4.10%, 750=2.87%, 1000=1.99%
     lat (msec): 2000=4.74%, >=2000=2.87%

Run status group 0 (all jobs):
   READ: io=68676KB, aggrb=565KB/s, minb=579KB/s, maxb=579KB/s, mint=121409msec, maxt=121409msec
  WRITE: io=69064KB, aggrb=568KB/s, minb=582KB/s, maxb=582KB/s, mint=121409msec, maxt=121409msec

Disk stats (read/write):
  rbd0: ios=17250/17259, merge=0/0, ticks=2927572/4783976, in_queue=7729916, util=99.91%
finish readrw

randrw: (groupid=0, jobs=64): err= 0: pid=12666
  read : io=86936KB, bw=733244 B/s, iops=179 , runt=121409msec
    clat (usec): min=281 , max=5578.8K, avg=129895.56, stdev=461380.11
     lat (usec): min=281 , max=5578.8K, avg=129895.71, stdev=461380.12
    bw (KB/s) : min=    0, max=  290, per=2.28%, avg=16.33, stdev=20.60
  write: io=84640KB, bw=713879 B/s, iops=174 , runt=121409msec
    clat (msec): min=1 , max=5574 , avg=232.02, stdev=573.70
     lat (msec): min=1 , max=5574 , avg=232.02, stdev=573.70
    bw (KB/s) : min=    0, max=  329, per=2.22%, avg=15.48, stdev=18.90
  cpu          : usr=0.00%, sys=0.01%, ctx=43039, majf=0, minf=1855
  IO depths    : 1=100.0%, 2=0.0%, 4=0.0%, 8=0.0%, 16=0.0%, 32=0.0%, >=64=0.0%
     submit    : 0=0.0%, 4=100.0%, 8=0.0%, 16=0.0%, 32=0.0%, 64=0.0%, >=64=0.0%
     complete  : 0=0.0%, 4=100.0%, 8=0.0%, 16=0.0%, 32=0.0%, 64=0.0%, >=64=0.0%
     issued r/w/d: total=21734/21160/0, short=0/0/0
     lat (usec): 500=1.34%, 750=11.14%, 1000=12.65%
     lat (msec): 2=12.20%, 4=32.06%, 10=8.09%, 20=1.29%, 50=2.22%
     lat (msec): 100=1.20%, 250=2.55%, 500=3.80%, 750=3.03%, 1000=1.90%
     lat (msec): 2000=4.15%, >=2000=2.36%

Run status group 0 (all jobs):
   READ: io=86936KB, aggrb=716KB/s, minb=733KB/s, maxb=733KB/s, mint=121409msec, maxt=121409msec
  WRITE: io=84640KB, aggrb=697KB/s, minb=713KB/s, maxb=713KB/s, mint=121409msec, maxt=121409msec

Disk stats (read/write):
  rbd2: ios=21813/21157, merge=0/0, ticks=2814732/4902592, in_queue=7731848, util=99.90%
finish readrw

randrw: (groupid=0, jobs=64): err= 0: pid=12656
  read : io=82936KB, bw=699697 B/s, iops=170 , runt=121376msec
    clat (usec): min=292 , max=8103.1K, avg=133504.45, stdev=470986.75
     lat (usec): min=292 , max=8103.1K, avg=133504.60, stdev=470986.75
    bw (KB/s) : min=    0, max=  218, per=2.30%, avg=15.69, stdev=19.54
  write: io=84956KB, bw=716739 B/s, iops=174 , runt=121376msec
    clat (msec): min=1 , max=8112 , avg=233.90, stdev=591.56
     lat (msec): min=1 , max=8112 , avg=233.90, stdev=591.56
    bw (KB/s) : min=    0, max=  373, per=2.23%, avg=15.60, stdev=19.13
  cpu          : usr=0.00%, sys=0.01%, ctx=42107, majf=0, minf=1919
  IO depths    : 1=100.0%, 2=0.0%, 4=0.0%, 8=0.0%, 16=0.0%, 32=0.0%, >=64=0.0%
     submit    : 0=0.0%, 4=100.0%, 8=0.0%, 16=0.0%, 32=0.0%, 64=0.0%, >=64=0.0%
     complete  : 0=0.0%, 4=100.0%, 8=0.0%, 16=0.0%, 32=0.0%, 64=0.0%, >=64=0.0%
     issued r/w/d: total=20734/21239/0, short=0/0/0
     lat (usec): 500=1.33%, 750=10.75%, 1000=12.41%
     lat (msec): 2=11.61%, 4=33.01%, 10=7.92%, 20=1.32%, 50=2.13%
     lat (msec): 100=1.26%, 250=2.62%, 500=4.11%, 750=3.06%, 1000=1.91%
     lat (msec): 2000=4.26%, >=2000=2.32%

Run status group 0 (all jobs):
   READ: io=82936KB, aggrb=683KB/s, minb=699KB/s, maxb=699KB/s, mint=121376msec, maxt=121376msec
  WRITE: io=84956KB, aggrb=699KB/s, minb=716KB/s, maxb=716KB/s, mint=121376msec, maxt=121376msec

Disk stats (read/write):
  rbd1: ios=20802/21239, merge=0/0, ticks=2765716/4967572, in_queue=7737152, util=99.97%
finish readrw
