start readrand
start readrand
start readrand
filename = /dev/rbd0
filename = /dev/rbd1
filename = /dev/rbd2
randread: (g=0): rw=randread, bs=4K-4K/4K-4K, ioengine=sync, iodepth=1
...
randread: (g=0): rw=randread, bs=4K-4K/4K-4K, ioengine=sync, iodepth=1
fio 1.59
Starting 64 processes
randread: (g=0): rw=randread, bs=4K-4K/4K-4K, ioengine=sync, iodepth=1
...
randread: (g=0): rw=randread, bs=4K-4K/4K-4K, ioengine=sync, iodepth=1
fio 1.59
Starting 64 processes
randread: (g=0): rw=randread, bs=4K-4K/4K-4K, ioengine=sync, iodepth=1
...
randread: (g=0): rw=randread, bs=4K-4K/4K-4K, ioengine=sync, iodepth=1
fio 1.59
Starting 64 processes

randread: (groupid=0, jobs=64): err= 0: pid=8791
  read : io=815800KB, bw=6770.3KB/s, iops=1692 , runt=120497msec
    clat (usec): min=261 , max=6048.5K, avg=37704.68, stdev=123216.36
     lat (usec): min=261 , max=6048.5K, avg=37704.83, stdev=123216.36
    bw (KB/s) : min=    0, max= 1616, per=1.86%, avg=125.88, stdev=233.82
  cpu          : usr=0.01%, sys=0.07%, ctx=219994, majf=0, minf=1983
  IO depths    : 1=100.0%, 2=0.0%, 4=0.0%, 8=0.0%, 16=0.0%, 32=0.0%, >=64=0.0%
     submit    : 0=0.0%, 4=100.0%, 8=0.0%, 16=0.0%, 32=0.0%, 64=0.0%, >=64=0.0%
     complete  : 0=0.0%, 4=100.0%, 8=0.0%, 16=0.0%, 32=0.0%, 64=0.0%, >=64=0.0%
     issued r/w/d: total=203950/0/0, short=0/0/0
     lat (usec): 500=0.43%, 750=6.94%, 1000=11.42%
     lat (msec): 2=17.01%, 4=17.08%, 10=14.70%, 20=10.78%, 50=11.41%
     lat (msec): 100=2.88%, 250=3.04%, 500=1.85%, 750=1.55%, 1000=0.88%
     lat (msec): 2000=0.01%, >=2000=0.01%

Run status group 0 (all jobs):
   READ: io=815800KB, aggrb=6770KB/s, minb=6932KB/s, maxb=6932KB/s, mint=120497msec, maxt=120497msec

Disk stats (read/write):
  rbd2: ios=203943/0, merge=0/0, ticks=7684136/0, in_queue=7686860, util=99.90%
finish readrand

randread: (groupid=0, jobs=64): err= 0: pid=8795
  read : io=853184KB, bw=7077.7KB/s, iops=1769 , runt=120546msec
    clat (usec): min=257 , max=5475.9K, avg=36063.82, stdev=120724.14
     lat (usec): min=257 , max=5475.9K, avg=36063.97, stdev=120724.14
    bw (KB/s) : min=    0, max= 1844, per=1.86%, avg=131.98, stdev=239.31
  cpu          : usr=0.01%, sys=0.07%, ctx=229217, majf=0, minf=1983
  IO depths    : 1=100.0%, 2=0.0%, 4=0.0%, 8=0.0%, 16=0.0%, 32=0.0%, >=64=0.0%
     submit    : 0=0.0%, 4=100.0%, 8=0.0%, 16=0.0%, 32=0.0%, 64=0.0%, >=64=0.0%
     complete  : 0=0.0%, 4=100.0%, 8=0.0%, 16=0.0%, 32=0.0%, 64=0.0%, >=64=0.0%
     issued r/w/d: total=213296/0/0, short=0/0/0
     lat (usec): 500=0.41%, 750=7.04%, 1000=11.76%
     lat (msec): 2=17.33%, 4=16.70%, 10=14.23%, 20=10.90%, 50=11.74%
     lat (msec): 100=2.94%, 250=2.95%, 500=1.74%, 750=1.42%, 1000=0.84%
     lat (msec): >=2000=0.01%

Run status group 0 (all jobs):
   READ: io=853184KB, aggrb=7077KB/s, minb=7247KB/s, maxb=7247KB/s, mint=120546msec, maxt=120546msec

Disk stats (read/write):
  rbd0: ios=213286/0, merge=0/0, ticks=7685000/0, in_queue=7689032, util=99.90%
finish readrand

randread: (groupid=0, jobs=64): err= 0: pid=8794
  read : io=732152KB, bw=6074.4KB/s, iops=1518 , runt=120538msec
    clat (usec): min=284 , max=2356.2K, avg=42026.88, stdev=123903.80
     lat (usec): min=285 , max=2356.2K, avg=42027.03, stdev=123903.80
    bw (KB/s) : min=    1, max= 2032, per=1.90%, avg=115.25, stdev=229.60
  cpu          : usr=0.01%, sys=0.06%, ctx=197457, majf=0, minf=1983
  IO depths    : 1=100.0%, 2=0.0%, 4=0.0%, 8=0.0%, 16=0.0%, 32=0.0%, >=64=0.0%
     submit    : 0=0.0%, 4=100.0%, 8=0.0%, 16=0.0%, 32=0.0%, 64=0.0%, >=64=0.0%
     complete  : 0=0.0%, 4=100.0%, 8=0.0%, 16=0.0%, 32=0.0%, 64=0.0%, >=64=0.0%
     issued r/w/d: total=183038/0/0, short=0/0/0
     lat (usec): 500=0.33%, 750=4.82%, 1000=10.73%
     lat (msec): 2=15.73%, 4=15.72%, 10=12.69%, 20=10.74%, 50=15.51%
     lat (msec): 100=5.43%, 250=4.06%, 500=1.85%, 750=1.39%, 1000=0.98%
     lat (msec): 2000=0.01%, >=2000=0.01%

Run status group 0 (all jobs):
   READ: io=732152KB, aggrb=6074KB/s, minb=6219KB/s, maxb=6219KB/s, mint=120538msec, maxt=120538msec

Disk stats (read/write):
  rbd1: ios=183027/0, merge=0/0, ticks=7684660/0, in_queue=7689976, util=99.90%
finish readrand
