start readrand
start readrand
filename = /mnt/rbd1/tt
filename = /mnt/rbd0/tt
randread: (g=0): rw=randread, bs=4K-4K/4K-4K, ioengine=sync, iodepth=1
...
randread: (g=0): rw=randread, bs=4K-4K/4K-4K, ioengine=sync, iodepth=1
fio 1.59
Starting 64 processes
randread: (g=0): rw=randread, bs=4K-4K/4K-4K, ioengine=sync, iodepth=1
...
randread: (g=0): rw=randread, bs=4K-4K/4K-4K, ioengine=sync, iodepth=1
fio 1.59
Starting 64 processes

randread: (groupid=0, jobs=64): err= 0: pid=7460
  read : io=12146MB, bw=103618KB/s, iops=25904 , runt=120033msec
    clat (usec): min=235 , max=4227.6K, avg=2467.73, stdev=10330.43
     lat (usec): min=235 , max=4227.6K, avg=2467.87, stdev=10330.43
    bw (KB/s) : min=    0, max= 2794, per=1.58%, avg=1640.34, stdev=207.26
  cpu          : usr=0.16%, sys=1.04%, ctx=3334413, majf=0, minf=1983
  IO depths    : 1=100.0%, 2=0.0%, 4=0.0%, 8=0.0%, 16=0.0%, 32=0.0%, >=64=0.0%
     submit    : 0=0.0%, 4=100.0%, 8=0.0%, 16=0.0%, 32=0.0%, 64=0.0%, >=64=0.0%
     complete  : 0=0.0%, 4=100.0%, 8=0.0%, 16=0.0%, 32=0.0%, 64=0.0%, >=64=0.0%
     issued r/w/d: total=3109408/0/0, short=0/0/0
     lat (usec): 250=0.01%, 500=1.43%, 750=10.24%, 1000=14.14%
     lat (msec): 2=38.19%, 4=21.60%, 10=11.70%, 20=2.65%, 50=0.04%
     lat (msec): 100=0.01%, 250=0.01%, 500=0.01%, 750=0.01%, 1000=0.01%
     lat (msec): 2000=0.01%, >=2000=0.01%

Run status group 0 (all jobs):
   READ: io=12146MB, aggrb=103618KB/s, minb=106105KB/s, maxb=106105KB/s, mint=120033msec, maxt=120033msec

Disk stats (read/write):
  rbd0: ios=3109114/0, merge=0/0, ticks=7630368/0, in_queue=7627592, util=99.95%
finish readrand

randread: (groupid=0, jobs=64): err= 0: pid=7461
  read : io=12273MB, bw=104698KB/s, iops=26174 , runt=120033msec
    clat (usec): min=257 , max=3841.8K, avg=2442.27, stdev=9661.28
     lat (usec): min=257 , max=3841.8K, avg=2442.42, stdev=9661.28
    bw (KB/s) : min=    1, max= 2778, per=1.58%, avg=1655.29, stdev=203.42
  cpu          : usr=0.16%, sys=1.05%, ctx=3366601, majf=0, minf=2047
  IO depths    : 1=100.0%, 2=0.0%, 4=0.0%, 8=0.0%, 16=0.0%, 32=0.0%, >=64=0.0%
     submit    : 0=0.0%, 4=100.0%, 8=0.0%, 16=0.0%, 32=0.0%, 64=0.0%, >=64=0.0%
     complete  : 0=0.0%, 4=100.0%, 8=0.0%, 16=0.0%, 32=0.0%, 64=0.0%, >=64=0.0%
     issued r/w/d: total=3141789/0/0, short=0/0/0
     lat (usec): 500=1.45%, 750=10.33%, 1000=14.20%
     lat (msec): 2=38.43%, 4=21.47%, 10=11.48%, 20=2.58%, 50=0.04%
     lat (msec): 100=0.01%, 250=0.01%, 500=0.01%, 750=0.01%, 1000=0.01%
     lat (msec): 2000=0.01%, >=2000=0.01%

Run status group 0 (all jobs):
   READ: io=12273MB, aggrb=104697KB/s, minb=107210KB/s, maxb=107210KB/s, mint=120033msec, maxt=120033msec

Disk stats (read/write):
  rbd1: ios=3141489/0, merge=0/0, ticks=7629248/0, in_queue=7626452, util=99.95%
finish readrand
