start readrand
filename = /mnt/rbd0/tt
start readrand
filename = /mnt/rbd1/tt
randread: (g=0): rw=randread, bs=4K-4K/4K-4K, ioengine=sync, iodepth=1
...
randread: (g=0): rw=randread, bs=4K-4K/4K-4K, ioengine=sync, iodepth=1
fio 1.59
Starting 64 processes
randread: (g=0): rw=randread, bs=4K-4K/4K-4K, ioengine=sync, iodepth=1
...
randread: (g=0): rw=randread, bs=4K-4K/4K-4K, ioengine=sync, iodepth=1
fio 1.59
Starting 64 processes

randread: (groupid=0, jobs=64): err= 0: pid=7254
  read : io=12053MB, bw=102820KB/s, iops=25704 , runt=120037msec
    clat (usec): min=252 , max=2550.7K, avg=2486.87, stdev=7867.63
     lat (usec): min=253 , max=2550.7K, avg=2487.01, stdev=7867.64
    bw (KB/s) : min=    1, max= 2552, per=1.58%, avg=1622.06, stdev=229.15
  cpu          : usr=0.15%, sys=1.03%, ctx=3297375, majf=0, minf=1983
  IO depths    : 1=100.0%, 2=0.0%, 4=0.0%, 8=0.0%, 16=0.0%, 32=0.0%, >=64=0.0%
     submit    : 0=0.0%, 4=100.0%, 8=0.0%, 16=0.0%, 32=0.0%, 64=0.0%, >=64=0.0%
     complete  : 0=0.0%, 4=100.0%, 8=0.0%, 16=0.0%, 32=0.0%, 64=0.0%, >=64=0.0%
     issued r/w/d: total=3085540/0/0, short=0/0/0
     lat (usec): 500=1.44%, 750=10.32%, 1000=14.12%
     lat (msec): 2=38.15%, 4=21.40%, 10=11.68%, 20=2.78%, 50=0.10%
     lat (msec): 100=0.01%, 250=0.01%, 500=0.01%, 750=0.01%, 1000=0.01%
     lat (msec): 2000=0.01%, >=2000=0.01%

Run status group 0 (all jobs):
   READ: io=12053MB, aggrb=102819KB/s, minb=105287KB/s, maxb=105287KB/s, mint=120037msec, maxt=120037msec

Disk stats (read/write):
  rbd1: ios=3084824/0, merge=0/0, ticks=7629504/0, in_queue=7627072, util=99.93%
finish readrand

randread: (groupid=0, jobs=64): err= 0: pid=7253
  read : io=11896MB, bw=101484KB/s, iops=25370 , runt=120035msec
    clat (usec): min=255 , max=4123.2K, avg=2519.69, stdev=10324.31
     lat (usec): min=255 , max=4123.2K, avg=2519.83, stdev=10324.31
    bw (KB/s) : min=    0, max= 2583, per=1.59%, avg=1609.51, stdev=222.69
  cpu          : usr=0.15%, sys=1.02%, ctx=3252584, majf=0, minf=1983
  IO depths    : 1=100.0%, 2=0.0%, 4=0.0%, 8=0.0%, 16=0.0%, 32=0.0%, >=64=0.0%
     submit    : 0=0.0%, 4=100.0%, 8=0.0%, 16=0.0%, 32=0.0%, 64=0.0%, >=64=0.0%
     complete  : 0=0.0%, 4=100.0%, 8=0.0%, 16=0.0%, 32=0.0%, 64=0.0%, >=64=0.0%
     issued r/w/d: total=3045407/0/0, short=0/0/0
     lat (usec): 500=1.42%, 750=10.18%, 1000=14.08%
     lat (msec): 2=38.05%, 4=21.47%, 10=11.86%, 20=2.85%, 50=0.09%
     lat (msec): 100=0.01%, 250=0.01%, 500=0.01%, 750=0.01%, 1000=0.01%
     lat (msec): 2000=0.01%, >=2000=0.01%

Run status group 0 (all jobs):
   READ: io=11896MB, aggrb=101483KB/s, minb=103919KB/s, maxb=103919KB/s, mint=120035msec, maxt=120035msec

Disk stats (read/write):
  rbd0: ios=3044831/2, merge=0/1, ticks=7629764/4, in_queue=7707336, util=99.95%
finish readrand
