start randwrite
filename = /dev/rbd0
randwrite: (g=0): rw=randwrite, bs=4K-4K/4K-4K, ioengine=sync, iodepth=1
...
randwrite: (g=0): rw=randwrite, bs=4K-4K/4K-4K, ioengine=sync, iodepth=1
fio 1.59
Starting 64 processes

randwrite: (groupid=0, jobs=64): err= 0: pid=14391
  write: io=456008KB, bw=3774.8KB/s, iops=943 , runt=120804msec
    clat (msec): min=1 , max=6765 , avg=67.42, stdev=294.70
     lat (msec): min=1 , max=6765 , avg=67.42, stdev=294.70
    bw (KB/s) : min=    0, max=  572, per=2.45%, avg=92.52, stdev=96.29
  cpu          : usr=0.01%, sys=0.44%, ctx=119501, majf=0, minf=1855
  IO depths    : 1=100.0%, 2=0.0%, 4=0.0%, 8=0.0%, 16=0.0%, 32=0.0%, >=64=0.0%
     submit    : 0=0.0%, 4=100.0%, 8=0.0%, 16=0.0%, 32=0.0%, 64=0.0%, >=64=0.0%
     complete  : 0=0.0%, 4=100.0%, 8=0.0%, 16=0.0%, 32=0.0%, 64=0.0%, >=64=0.0%
     issued r/w/d: total=0/114002/0, short=0/0/0

     lat (msec): 2=0.54%, 4=44.56%, 10=23.25%, 20=12.57%, 50=8.87%
     lat (msec): 100=2.90%, 250=1.82%, 500=1.87%, 750=1.08%, 1000=0.46%
     lat (msec): 2000=1.52%, >=2000=0.56%

Run status group 0 (all jobs):
  WRITE: io=456008KB, aggrb=3774KB/s, minb=3865KB/s, maxb=3865KB/s, mint=120804msec, maxt=120804msec

Disk stats (read/write):
  rbd0: ios=255/114001, merge=0/0, ticks=5360/7621004, in_queue=7627492, util=100.00%
finish randwrite
