start randread remote
randread: (g=0): rw=randread, bs=4K-4K/4K-4K, ioengine=sync, iodepth=1
...
randread: (g=0): rw=randread, bs=4K-4K/4K-4K, ioengine=sync, iodepth=1
fio 1.59
Starting 64 processes

randread: (groupid=0, jobs=64): err= 0: pid=53419
  read : io=11365MB, bw=96949KB/s, iops=24237 , runt=120041msec
    clat (usec): min=296 , max=1342.5K, avg=2636.60, stdev=4371.33
     lat (usec): min=296 , max=1342.5K, avg=2636.79, stdev=4371.33
    bw (KB/s) : min=    2, max= 1912, per=1.57%, avg=1521.43, stdev=146.48
  cpu          : usr=0.18%, sys=1.30%, ctx=2970260, majf=0, minf=1983
  IO depths    : 1=100.0%, 2=0.0%, 4=0.0%, 8=0.0%, 16=0.0%, 32=0.0%, >=64=0.0%
     submit    : 0=0.0%, 4=100.0%, 8=0.0%, 16=0.0%, 32=0.0%, 64=0.0%, >=64=0.0%
     complete  : 0=0.0%, 4=100.0%, 8=0.0%, 16=0.0%, 32=0.0%, 64=0.0%, >=64=0.0%
     issued r/w/d: total=2909474/0/0, short=0/0/0
     lat (usec): 500=0.53%, 750=5.34%, 1000=7.60%
     lat (msec): 2=29.71%, 4=40.41%, 10=15.92%, 20=0.46%, 50=0.02%
     lat (msec): 100=0.01%, 250=0.01%, 500=0.01%, 2000=0.01%

Run status group 0 (all jobs):
   READ: io=11365MB, aggrb=96949KB/s, minb=99276KB/s, maxb=99276KB/s, mint=120041msec, maxt=120041msec

Disk stats (read/write):
  rbd0: ios=2909402/0, merge=0/0, ticks=7617552/0, in_queue=7613808, util=99.92%
finish randread remote
