randwrite: (g=0): rw=randwrite, bs=4K-4K/4K-4K, ioengine=sync, iodepth=1
...
randwrite: (g=0): rw=randwrite, bs=4K-4K/4K-4K, ioengine=sync, iodepth=1
fio 1.59
Starting 64 processes

randwrite: (groupid=0, jobs=64): err= 0: pid=51209
  write: io=113520KB, bw=962926 B/s, iops=235 , runt=120720msec
    clat (msec): min=2 , max=120005 , avg=271.51, stdev=4892.91
     lat (msec): min=2 , max=120005 , avg=271.51, stdev=4892.91
    bw (KB/s) : min=    0, max= 1115, per=67.44%, avg=633.94, stdev=446.80
  cpu          : usr=0.01%, sys=0.03%, ctx=56838, majf=0, minf=1855
  IO depths    : 1=100.0%, 2=0.0%, 4=0.0%, 8=0.0%, 16=0.0%, 32=0.0%, >=64=0.0%
     submit    : 0=0.0%, 4=100.0%, 8=0.0%, 16=0.0%, 32=0.0%, 64=0.0%, >=64=0.0%
     complete  : 0=0.0%, 4=100.0%, 8=0.0%, 16=0.0%, 32=0.0%, 64=0.0%, >=64=0.0%
     issued r/w/d: total=0/28380/0, short=0/0/0

     lat (msec): 4=83.89%, 10=8.47%, 20=6.91%, 50=0.29%, 100=0.04%
     lat (msec): 250=0.01%, 500=0.01%, >=2000=0.37%

Run status group 0 (all jobs):
  WRITE: io=113520KB, aggrb=940KB/s, minb=962KB/s, maxb=962KB/s, mint=120720msec, maxt=120720msec

Disk stats (read/write):
  rbd0: ios=0/28387, merge=0/24, ticks=0/118256, in_queue=118180, util=97.79%
