randwrite: (g=0): rw=randwrite, bs=4K-4K/4K-4K, ioengine=sync, iodepth=1
...
randwrite: (g=0): rw=randwrite, bs=4K-4K/4K-4K, ioengine=sync, iodepth=1
fio 1.59
Starting 64 processes

randwrite: (groupid=0, jobs=64): err= 0: pid=50998
  write: io=111112KB, bw=942196 B/s, iops=230 , runt=120759msec
    clat (msec): min=2 , max=120147 , avg=277.14, stdev=5281.47
     lat (msec): min=2 , max=120147 , avg=277.14, stdev=5281.47
    bw (KB/s) : min=    0, max= 1101, per=72.24%, avg=664.59, stdev=425.94
  cpu          : usr=0.00%, sys=0.04%, ctx=55660, majf=0, minf=1855
  IO depths    : 1=100.0%, 2=0.0%, 4=0.0%, 8=0.0%, 16=0.0%, 32=0.0%, >=64=0.0%
     submit    : 0=0.0%, 4=100.0%, 8=0.0%, 16=0.0%, 32=0.0%, 64=0.0%, >=64=0.0%
     complete  : 0=0.0%, 4=100.0%, 8=0.0%, 16=0.0%, 32=0.0%, 64=0.0%, >=64=0.0%
     issued r/w/d: total=0/27778/0, short=0/0/0

     lat (msec): 4=83.47%, 10=8.59%, 20=7.28%, 50=0.23%, 100=0.09%
     lat (msec): 250=0.03%, 500=0.01%, >=2000=0.32%

Run status group 0 (all jobs):
  WRITE: io=111112KB, aggrb=920KB/s, minb=942KB/s, maxb=942KB/s, mint=120759msec, maxt=120759msec

Disk stats (read/write):
  rbd0: ios=0/27805, merge=0/24, ticks=0/118352, in_queue=118292, util=97.87%
