start randread remote
randread: (g=0): rw=randread, bs=4K-4K/4K-4K, ioengine=sync, iodepth=1
...
randread: (g=0): rw=randread, bs=4K-4K/4K-4K, ioengine=sync, iodepth=1
fio 1.59
Starting 64 processes

randread: (groupid=0, jobs=64): err= 0: pid=53114
  read : io=11130MB, bw=94946KB/s, iops=23736 , runt=120037msec
    clat (usec): min=280 , max=6388.7K, avg=2692.37, stdev=10578.06
     lat (usec): min=280 , max=6388.7K, avg=2692.56, stdev=10578.06
    bw (KB/s) : min=    0, max= 1980, per=1.58%, avg=1496.67, stdev=191.08
  cpu          : usr=0.19%, sys=1.28%, ctx=2906690, majf=0, minf=1983
  IO depths    : 1=100.0%, 2=0.0%, 4=0.0%, 8=0.0%, 16=0.0%, 32=0.0%, >=64=0.0%
     submit    : 0=0.0%, 4=100.0%, 8=0.0%, 16=0.0%, 32=0.0%, 64=0.0%, >=64=0.0%
     complete  : 0=0.0%, 4=100.0%, 8=0.0%, 16=0.0%, 32=0.0%, 64=0.0%, >=64=0.0%
     issued r/w/d: total=2849253/0/0, short=0/0/0
     lat (usec): 500=0.52%, 750=5.28%, 1000=7.53%
     lat (msec): 2=29.57%, 4=40.19%, 10=16.24%, 20=0.59%, 50=0.06%
     lat (msec): 100=0.01%, 250=0.01%, 500=0.01%, 750=0.01%, 1000=0.01%
     lat (msec): 2000=0.01%, >=2000=0.01%

Run status group 0 (all jobs):
   READ: io=11130MB, aggrb=94945KB/s, minb=97224KB/s, maxb=97224KB/s, mint=120037msec, maxt=120037msec

Disk stats (read/write):
  rbd0: ios=2849200/0, merge=0/0, ticks=7618160/0, in_queue=7614464, util=99.92%
finish randread remote
