randwrite: (g=0): rw=randwrite, bs=4K-4K/4K-4K, ioengine=sync, iodepth=1
...
randwrite: (g=0): rw=randwrite, bs=4K-4K/4K-4K, ioengine=sync, iodepth=1
fio 1.59
Starting 64 processes

randwrite: (groupid=0, jobs=64): err= 0: pid=51426
  write: io=114052KB, bw=966878 B/s, iops=236 , runt=120790msec
    clat (msec): min=2 , max=120001 , avg=270.39, stdev=4831.94
     lat (msec): min=2 , max=120001 , avg=270.39, stdev=4831.94
    bw (KB/s) : min=    0, max= 1146, per=64.62%, avg=610.05, stdev=453.43
  cpu          : usr=0.00%, sys=0.03%, ctx=57173, majf=0, minf=1855
  IO depths    : 1=100.0%, 2=0.0%, 4=0.0%, 8=0.0%, 16=0.0%, 32=0.0%, >=64=0.0%
     submit    : 0=0.0%, 4=100.0%, 8=0.0%, 16=0.0%, 32=0.0%, 64=0.0%, >=64=0.0%
     complete  : 0=0.0%, 4=100.0%, 8=0.0%, 16=0.0%, 32=0.0%, 64=0.0%, >=64=0.0%
     issued r/w/d: total=0/28513/0, short=0/0/0

     lat (msec): 4=83.60%, 10=8.68%, 20=7.04%, 50=0.23%, 100=0.02%
     lat (msec): 500=0.01%, 1000=0.01%, 2000=0.01%, >=2000=0.40%

Run status group 0 (all jobs):
  WRITE: io=114052KB, aggrb=944KB/s, minb=966KB/s, maxb=966KB/s, mint=120790msec, maxt=120790msec

Disk stats (read/write):
  rbd0: ios=0/28509, merge=0/24, ticks=0/118220, in_queue=118152, util=97.75%
