start randread remote
randread: (g=0): rw=randread, bs=4K-4K/4K-4K, ioengine=sync, iodepth=1
...
randread: (g=0): rw=randread, bs=4K-4K/4K-4K, ioengine=sync, iodepth=1
fio 1.59
Starting 64 processes

randread: (groupid=0, jobs=64): err= 0: pid=52885
  read : io=7889.8MB, bw=67305KB/s, iops=16826 , runt=120037msec
    clat (usec): min=285 , max=1762.7K, avg=3799.50, stdev=7385.56
     lat (usec): min=285 , max=1762.7K, avg=3799.69, stdev=7385.56
    bw (KB/s) : min=    2, max= 2792, per=1.57%, avg=1056.12, stdev=318.43
  cpu          : usr=0.13%, sys=0.87%, ctx=2074075, majf=0, minf=1983
  IO depths    : 1=100.0%, 2=0.0%, 4=0.0%, 8=0.0%, 16=0.0%, 32=0.0%, >=64=0.0%
     submit    : 0=0.0%, 4=100.0%, 8=0.0%, 16=0.0%, 32=0.0%, 64=0.0%, >=64=0.0%
     complete  : 0=0.0%, 4=100.0%, 8=0.0%, 16=0.0%, 32=0.0%, 64=0.0%, >=64=0.0%
     issued r/w/d: total=2019772/0/0, short=0/0/0
     lat (usec): 500=0.53%, 750=5.15%, 1000=7.31%
     lat (msec): 2=27.17%, 4=35.93%, 10=17.07%, 20=4.50%, 50=2.33%
     lat (msec): 100=0.01%, 250=0.01%, 500=0.01%, 750=0.01%, 1000=0.01%
     lat (msec): 2000=0.01%

Run status group 0 (all jobs):
   READ: io=7889.8MB, aggrb=67304KB/s, minb=68920KB/s, maxb=68920KB/s, mint=120037msec, maxt=120037msec

Disk stats (read/write):
  rbd0: ios=3322387/0, merge=0/0, ticks=13391676/0, in_queue=13388624, util=100.00%
finish randread remote
