randrw: (g=0): rw=randrw, bs=4K-4K/4K-4K, ioengine=sync, iodepth=1
...
randrw: (g=0): rw=randrw, bs=4K-4K/4K-4K, ioengine=sync, iodepth=1
fio 1.59
Starting 64 processes

randrw: (groupid=0, jobs=64): err= 0: pid=51707
  read : io=111232KB, bw=946922 B/s, iops=231 , runt=120286msec
    clat (usec): min=617 , max=1485.2K, avg=137806.91, stdev=140515.95
     lat (usec): min=617 , max=1485.2K, avg=137807.38, stdev=140515.95
    bw (KB/s) : min=    2, max=   31, per=1.51%, avg=13.99, stdev= 2.08
  write: io=110332KB, bw=939261 B/s, iops=229 , runt=120286msec
    clat (msec): min=2 , max=625 , avg=139.69, stdev=139.80
     lat (msec): min=2 , max=625 , avg=139.69, stdev=139.80
    bw (KB/s) : min=    0, max=  105, per=1.73%, avg=15.87, stdev=12.29
  cpu          : usr=0.01%, sys=0.07%, ctx=97399, majf=0, minf=1855
  IO depths    : 1=100.0%, 2=0.0%, 4=0.0%, 8=0.0%, 16=0.0%, 32=0.0%, >=64=0.0%
     submit    : 0=0.0%, 4=100.0%, 8=0.0%, 16=0.0%, 32=0.0%, 64=0.0%, >=64=0.0%
     complete  : 0=0.0%, 4=100.0%, 8=0.0%, 16=0.0%, 32=0.0%, 64=0.0%, >=64=0.0%
     issued r/w/d: total=27808/27583/0, short=0/0/0
     lat (usec): 750=0.07%, 1000=10.15%
     lat (msec): 2=13.68%, 4=20.71%, 10=2.28%, 20=1.99%, 50=0.44%
     lat (msec): 100=0.07%, 250=19.48%, 500=30.98%, 750=0.15%, 2000=0.01%

Run status group 0 (all jobs):
   READ: io=111232KB, aggrb=924KB/s, minb=946KB/s, maxb=946KB/s, mint=120286msec, maxt=120286msec
  WRITE: io=110332KB, aggrb=917KB/s, minb=939KB/s, maxb=939KB/s, mint=120286msec, maxt=120286msec

Disk stats (read/write):
  rbd0: ios=27756/27581, merge=0/24, ticks=48596/116804, in_queue=165280, util=98.13%
