start randread
filename = /dev/rbd0
start randread
filename = /dev/rbd1
randread: (g=0): rw=randread, bs=4K-4K/4K-4K, ioengine=sync, iodepth=1
...
randread: (g=0): rw=randread, bs=4K-4K/4K-4K, ioengine=sync, iodepth=1
fio 1.59
Starting 64 processes
randread: (g=0): rw=randread, bs=4K-4K/4K-4K, ioengine=sync, iodepth=1
...
randread: (g=0): rw=randread, bs=4K-4K/4K-4K, ioengine=sync, iodepth=1
fio 1.59
Starting 64 processes

randread: (groupid=0, jobs=64): err= 0: pid=11600
  read : io=616720KB, bw=5099.3KB/s, iops=1274 , runt=120943msec
    clat (usec): min=377 , max=4658.3K, avg=49995.89, stdev=165541.15
     lat (usec): min=377 , max=4658.3K, avg=49996.07, stdev=165541.16
    bw (KB/s) : min=    1, max=  493, per=1.94%, avg=99.04, stdev=57.45
  cpu          : usr=0.01%, sys=0.91%, ctx=170836, majf=0, minf=1983
  IO depths    : 1=100.0%, 2=0.0%, 4=0.0%, 8=0.0%, 16=0.0%, 32=0.0%, >=64=0.0%
     submit    : 0=0.0%, 4=100.0%, 8=0.0%, 16=0.0%, 32=0.0%, 64=0.0%, >=64=0.0%
     complete  : 0=0.0%, 4=100.0%, 8=0.0%, 16=0.0%, 32=0.0%, 64=0.0%, >=64=0.0%
     issued r/w/d: total=154180/0/0, short=0/0/0
     lat (usec): 500=0.01%, 750=1.47%, 1000=7.58%
     lat (msec): 2=4.03%, 4=3.28%, 10=9.66%, 20=23.60%, 50=32.39%
     lat (msec): 100=11.97%, 250=3.72%, 500=0.68%, 750=0.27%, 1000=0.20%
     lat (msec): 2000=1.10%, >=2000=0.02%

Run status group 0 (all jobs):
   READ: io=616720KB, aggrb=5099KB/s, minb=5221KB/s, maxb=5221KB/s, mint=120943msec, maxt=120943msec

Disk stats (read/write):
  rbd0: ios=154169/0, merge=0/0, ticks=7431040/0, in_queue=7440560, util=99.93%
finish randread

randread: (groupid=0, jobs=64): err= 0: pid=11599
  read : io=586984KB, bw=4851.6KB/s, iops=1212 , runt=120990msec
    clat (usec): min=360 , max=5439.7K, avg=52502.52, stdev=169620.06
     lat (usec): min=360 , max=5439.7K, avg=52502.70, stdev=169620.07
    bw (KB/s) : min=    0, max=  380, per=1.97%, avg=95.56, stdev=53.73
  cpu          : usr=0.01%, sys=0.87%, ctx=162835, majf=0, minf=1983
  IO depths    : 1=100.0%, 2=0.0%, 4=0.0%, 8=0.0%, 16=0.0%, 32=0.0%, >=64=0.0%
     submit    : 0=0.0%, 4=100.0%, 8=0.0%, 16=0.0%, 32=0.0%, 64=0.0%, >=64=0.0%
     complete  : 0=0.0%, 4=100.0%, 8=0.0%, 16=0.0%, 32=0.0%, 64=0.0%, >=64=0.0%
     issued r/w/d: total=146746/0/0, short=0/0/0
     lat (usec): 500=0.01%, 750=0.86%, 1000=6.26%
     lat (msec): 2=3.79%, 4=2.94%, 10=9.08%, 20=23.48%, 50=33.81%
     lat (msec): 100=13.33%, 250=4.16%, 500=0.68%, 750=0.25%, 1000=0.21%
     lat (msec): 2000=1.11%, >=2000=0.03%

Run status group 0 (all jobs):
   READ: io=586984KB, aggrb=4851KB/s, minb=4967KB/s, maxb=4967KB/s, mint=120990msec, maxt=120990msec

Disk stats (read/write):
  rbd1: ios=146738/0, merge=0/0, ticks=7439456/0, in_queue=7446600, util=99.93%
finish randread
