start readrw
filename = /dev/rbd2
randrw: (g=0): rw=randrw, bs=4K-4K/4K-4K, ioengine=sync, iodepth=1
...
randrw: (g=0): rw=randrw, bs=4K-4K/4K-4K, ioengine=sync, iodepth=1
fio 1.59
Starting 64 processes

randrw: (groupid=0, jobs=64): err= 0: pid=5704
  read : io=201456KB, bw=1666.5KB/s, iops=416 , runt=120888msec
    clat (usec): min=275 , max=6895.8K, avg=54893.26, stdev=242971.73
     lat (usec): min=275 , max=6895.8K, avg=54893.42, stdev=242971.73
    bw (KB/s) : min=    0, max=  324, per=1.92%, avg=32.02, stdev=34.13
  write: io=200260KB, bw=1656.6KB/s, iops=414 , runt=120888msec
    clat (msec): min=1 , max=7307 , avg=98.78, stdev=323.20
     lat (msec): min=1 , max=7307 , avg=98.78, stdev=323.20
    bw (KB/s) : min=    0, max=  311, per=1.90%, avg=31.39, stdev=33.32
  cpu          : usr=0.01%, sys=0.03%, ctx=100552, majf=0, minf=1855
  IO depths    : 1=100.0%, 2=0.0%, 4=0.0%, 8=0.0%, 16=0.0%, 32=0.0%, >=64=0.0%
     submit    : 0=0.0%, 4=100.0%, 8=0.0%, 16=0.0%, 32=0.0%, 64=0.0%, >=64=0.0%
     complete  : 0=0.0%, 4=100.0%, 8=0.0%, 16=0.0%, 32=0.0%, 64=0.0%, >=64=0.0%
     issued r/w/d: total=50364/50065/0, short=0/0/0
     lat (usec): 500=1.13%, 750=11.89%, 1000=14.07%
     lat (msec): 2=12.71%, 4=37.21%, 10=8.91%, 20=1.26%, 50=1.46%
     lat (msec): 100=1.04%, 250=1.90%, 500=2.65%, 750=2.04%, 1000=1.45%
     lat (msec): 2000=1.96%, >=2000=0.30%

Run status group 0 (all jobs):
   READ: io=201456KB, aggrb=1666KB/s, minb=1706KB/s, maxb=1706KB/s, mint=120888msec, maxt=120888msec
  WRITE: io=200260KB, aggrb=1656KB/s, minb=1696KB/s, maxb=1696KB/s, mint=120888msec, maxt=120888msec

Disk stats (read/write):
  rbd2: ios=50490/50062, merge=0/0, ticks=2759720/4942244, in_queue=7708764, util=99.96%
finish readrw
