start readwrite
filename = /dev/rbd2
randwrite: (g=0): rw=randwrite, bs=4K-4K/4K-4K, ioengine=sync, iodepth=1
...
randwrite: (g=0): rw=randwrite, bs=4K-4K/4K-4K, ioengine=sync, iodepth=1
fio 1.59
Starting 64 processes

randwrite: (groupid=0, jobs=64): err= 0: pid=5112
  write: io=264496KB, bw=2177.8KB/s, iops=544 , runt=121453msec
    clat (msec): min=1 , max=3952 , avg=116.60, stdev=353.31
     lat (msec): min=1 , max=3952 , avg=116.60, stdev=353.31
    bw (KB/s) : min=    1, max=  685, per=2.05%, avg=44.73, stdev=57.31
  cpu          : usr=0.00%, sys=0.02%, ctx=66151, majf=0, minf=1855
  IO depths    : 1=100.0%, 2=0.0%, 4=0.0%, 8=0.0%, 16=0.0%, 32=0.0%, >=64=0.0%
     submit    : 0=0.0%, 4=100.0%, 8=0.0%, 16=0.0%, 32=0.0%, 64=0.0%, >=64=0.0%
     complete  : 0=0.0%, 4=100.0%, 8=0.0%, 16=0.0%, 32=0.0%, 64=0.0%, >=64=0.0%
     issued r/w/d: total=0/66124/0, short=0/0/0

     lat (msec): 2=0.96%, 4=67.40%, 10=11.99%, 20=1.40%, 50=1.45%
     lat (msec): 100=1.45%, 250=3.18%, 500=3.91%, 750=2.73%, 1000=1.81%
     lat (msec): 2000=2.94%, >=2000=0.76%

Run status group 0 (all jobs):
  WRITE: io=264496KB, aggrb=2177KB/s, minb=2230KB/s, maxb=2230KB/s, mint=121453msec, maxt=121453msec

Disk stats (read/write):
  rbd2: ios=112/66123, merge=0/0, ticks=852/7707404, in_queue=7709712, util=99.94%
finish readwrite
