start readrw
filename = /dev/rbd2
randrw: (g=0): rw=randrw, bs=4K-4K/4K-4K, ioengine=sync, iodepth=1
...
randrw: (g=0): rw=randrw, bs=4K-4K/4K-4K, ioengine=sync, iodepth=1
fio 1.59
Starting 64 processes

randrw: (groupid=0, jobs=64): err= 0: pid=5357
  read : io=228120KB, bw=1869.2KB/s, iops=467 , runt=121990msec
    clat (usec): min=276 , max=5917.4K, avg=49410.68, stdev=217701.94
     lat (usec): min=276 , max=5917.4K, avg=49410.84, stdev=217701.94
    bw (KB/s) : min=    0, max=  487, per=2.13%, avg=39.80, stdev=51.22
  write: io=226608KB, bw=1857.7KB/s, iops=464 , runt=121990msec
    clat (msec): min=1 , max=6036 , avg=86.60, stdev=280.83
     lat (msec): min=1 , max=6036 , avg=86.60, stdev=280.83
    bw (KB/s) : min=    0, max=  454, per=2.09%, avg=38.89, stdev=49.53
  cpu          : usr=0.01%, sys=0.03%, ctx=113816, majf=0, minf=1855
  IO depths    : 1=100.0%, 2=0.0%, 4=0.0%, 8=0.0%, 16=0.0%, 32=0.0%, >=64=0.0%
     submit    : 0=0.0%, 4=100.0%, 8=0.0%, 16=0.0%, 32=0.0%, 64=0.0%, >=64=0.0%
     complete  : 0=0.0%, 4=100.0%, 8=0.0%, 16=0.0%, 32=0.0%, 64=0.0%, >=64=0.0%
     issued r/w/d: total=57030/56652/0, short=0/0/0
     lat (usec): 500=1.14%, 750=11.79%, 1000=14.10%
     lat (msec): 2=12.55%, 4=37.01%, 10=9.66%, 20=1.35%, 50=1.40%
     lat (msec): 100=1.12%, 250=2.29%, 500=2.59%, 750=1.79%, 1000=1.19%
     lat (msec): 2000=1.80%, >=2000=0.22%

Run status group 0 (all jobs):
   READ: io=228120KB, aggrb=1869KB/s, minb=1914KB/s, maxb=1914KB/s, mint=121990msec, maxt=121990msec
  WRITE: io=226608KB, aggrb=1857KB/s, minb=1902KB/s, maxb=1902KB/s, mint=121990msec, maxt=121990msec

Disk stats (read/write):
  rbd2: ios=57126/56652, merge=0/0, ticks=2814860/4905444, in_queue=7722336, util=99.92%
finish readrw
