start readwrite
filename = /dev/rbd2
randwrite: (g=0): rw=randwrite, bs=4K-4K/4K-4K, ioengine=sync, iodepth=1
...
randwrite: (g=0): rw=randwrite, bs=4K-4K/4K-4K, ioengine=sync, iodepth=1
fio 1.59
Starting 64 processes

randwrite: (groupid=0, jobs=64): err= 0: pid=4859
  write: io=282264KB, bw=2316.3KB/s, iops=579 , runt=121862msec
    clat (msec): min=1 , max=7301 , avg=109.27, stdev=353.68
     lat (msec): min=1 , max=7301 , avg=109.27, stdev=353.68
    bw (KB/s) : min=    0, max=  615, per=2.10%, avg=48.70, stdev=59.60
  cpu          : usr=0.00%, sys=0.02%, ctx=70773, majf=0, minf=1855
  IO depths    : 1=100.0%, 2=0.0%, 4=0.0%, 8=0.0%, 16=0.0%, 32=0.0%, >=64=0.0%
     submit    : 0=0.0%, 4=100.0%, 8=0.0%, 16=0.0%, 32=0.0%, 64=0.0%, >=64=0.0%
     complete  : 0=0.0%, 4=100.0%, 8=0.0%, 16=0.0%, 32=0.0%, 64=0.0%, >=64=0.0%
     issued r/w/d: total=0/70566/0, short=0/0/0

     lat (msec): 2=1.01%, 4=65.76%, 10=14.10%, 20=1.54%, 50=1.65%
     lat (msec): 100=1.50%, 250=2.89%, 500=4.13%, 750=2.36%, 1000=1.73%
     lat (msec): 2000=2.61%, >=2000=0.71%

Run status group 0 (all jobs):
  WRITE: io=282264KB, aggrb=2316KB/s, minb=2371KB/s, maxb=2371KB/s, mint=121862msec, maxt=121862msec

Disk stats (read/write):
  rbd2: ios=256/70564, merge=0/0, ticks=14756/7705660, in_queue=7724024, util=100.00%
finish readwrite
