start readrand
filename = /dev/rbd2
randread: (g=0): rw=randread, bs=4K-4K/4K-4K, ioengine=sync, iodepth=1
...
randread: (g=0): rw=randread, bs=4K-4K/4K-4K, ioengine=sync, iodepth=1
fio 1.59
Starting 64 processes

randread: (groupid=0, jobs=64): err= 0: pid=4511
  read : io=1733.1MB, bw=14760KB/s, iops=3689 , runt=120296msec
    clat (usec): min=281 , max=969055 , avg=17309.94, stdev=69188.78
     lat (usec): min=281 , max=969055 , avg=17310.11, stdev=69188.79
    bw (KB/s) : min=    4, max= 1924, per=1.88%, avg=277.22, stdev=496.16
  cpu          : usr=0.03%, sys=0.15%, ctx=448923, majf=0, minf=1983
  IO depths    : 1=100.0%, 2=0.0%, 4=0.0%, 8=0.0%, 16=0.0%, 32=0.0%, >=64=0.0%
     submit    : 0=0.0%, 4=100.0%, 8=0.0%, 16=0.0%, 32=0.0%, 64=0.0%, >=64=0.0%
     complete  : 0=0.0%, 4=100.0%, 8=0.0%, 16=0.0%, 32=0.0%, 64=0.0%, >=64=0.0%
     issued r/w/d: total=443892/0/0, short=0/0/0
     lat (usec): 500=0.67%, 750=8.81%, 1000=14.62%
     lat (msec): 2=23.22%, 4=22.39%, 10=14.14%, 20=4.73%, 50=5.79%
     lat (msec): 100=2.09%, 250=1.70%, 500=1.07%, 750=0.71%, 1000=0.06%

Run status group 0 (all jobs):
   READ: io=1733.1MB, aggrb=14759KB/s, minb=15114KB/s, maxb=15114KB/s, mint=120296msec, maxt=120296msec

Disk stats (read/write):
  rbd2: ios=443886/0, merge=0/0, ticks=7676544/0, in_queue=7676992, util=99.92%
finish readrand
