start readrand
filename = /dev/rbd2
randread: (g=0): rw=randread, bs=4K-4K/4K-4K, ioengine=sync, iodepth=1
...
randread: (g=0): rw=randread, bs=4K-4K/4K-4K, ioengine=sync, iodepth=1
fio 1.59
Starting 64 processes

randread: (groupid=0, jobs=64): err= 0: pid=4734
  read : io=2562.1MB, bw=21779KB/s, iops=5444 , runt=120503msec
    clat (usec): min=320 , max=2015.4K, avg=11723.88, stdev=59270.80
     lat (usec): min=320 , max=2015.4K, avg=11724.03, stdev=59270.80
    bw (KB/s) : min=    1, max= 1936, per=1.92%, avg=417.07, stdev=630.71
  cpu          : usr=0.04%, sys=0.22%, ctx=664938, majf=0, minf=1983
  IO depths    : 1=100.0%, 2=0.0%, 4=0.0%, 8=0.0%, 16=0.0%, 32=0.0%, >=64=0.0%
     submit    : 0=0.0%, 4=100.0%, 8=0.0%, 16=0.0%, 32=0.0%, 64=0.0%, >=64=0.0%
     complete  : 0=0.0%, 4=100.0%, 8=0.0%, 16=0.0%, 32=0.0%, 64=0.0%, >=64=0.0%
     issued r/w/d: total=656100/0/0, short=0/0/0
     lat (usec): 500=0.80%, 750=9.34%, 1000=13.38%
     lat (msec): 2=26.13%, 4=25.81%, 10=14.79%, 20=2.78%, 50=3.73%
     lat (msec): 100=1.33%, 250=0.72%, 500=0.57%, 750=0.57%, 1000=0.04%
     lat (msec): 2000=0.01%, >=2000=0.01%

Run status group 0 (all jobs):
   READ: io=2562.1MB, aggrb=21778KB/s, minb=22301KB/s, maxb=22301KB/s, mint=120503msec, maxt=120503msec

Disk stats (read/write):
  rbd2: ios=656094/0, merge=0/0, ticks=7680620/0, in_queue=7682256, util=99.91%
finish readrand
