start readrand
filename = /dev/rbd2
randread: (g=0): rw=randread, bs=4K-4K/4K-4K, ioengine=sync, iodepth=1
...
randread: (g=0): rw=randread, bs=4K-4K/4K-4K, ioengine=sync, iodepth=1
fio 1.59
Starting 64 processes

randread: (groupid=0, jobs=64): err= 0: pid=4598
  read : io=2159.6MB, bw=18376KB/s, iops=4594 , runt=120339msec
    clat (usec): min=304 , max=927770 , avg=13902.19, stdev=64477.55
     lat (usec): min=304 , max=927770 , avg=13902.35, stdev=64477.55
    bw (KB/s) : min=    4, max= 1936, per=1.91%, avg=351.45, stdev=582.65
  cpu          : usr=0.03%, sys=0.18%, ctx=559386, majf=0, minf=1983
  IO depths    : 1=100.0%, 2=0.0%, 4=0.0%, 8=0.0%, 16=0.0%, 32=0.0%, >=64=0.0%
     submit    : 0=0.0%, 4=100.0%, 8=0.0%, 16=0.0%, 32=0.0%, 64=0.0%, >=64=0.0%
     complete  : 0=0.0%, 4=100.0%, 8=0.0%, 16=0.0%, 32=0.0%, 64=0.0%, >=64=0.0%
     issued r/w/d: total=552852/0/0, short=0/0/0
     lat (usec): 500=0.80%, 750=9.28%, 1000=13.98%
     lat (msec): 2=25.07%, 4=24.67%, 10=14.35%, 20=3.52%, 50=4.29%
     lat (msec): 100=1.52%, 250=1.10%, 500=0.68%, 750=0.67%, 1000=0.07%

Run status group 0 (all jobs):
   READ: io=2159.6MB, aggrb=18376KB/s, minb=18817KB/s, maxb=18817KB/s, mint=120339msec, maxt=120339msec

Disk stats (read/write):
  rbd2: ios=552832/0, merge=0/0, ticks=7672372/0, in_queue=7677044, util=99.90%
finish readrand
