start randwrite
filename = /dev/rbd0
start randwrite
filename = /dev/rbd1
randwrite: (g=0): rw=randwrite, bs=4K-4K/4K-4K, ioengine=sync, iodepth=1
...
randwrite: (g=0): rw=randwrite, bs=4K-4K/4K-4K, ioengine=sync, iodepth=1
fio 1.59
Starting 64 processes
randwrite: (g=0): rw=randwrite, bs=4K-4K/4K-4K, ioengine=sync, iodepth=1
...
randwrite: (g=0): rw=randwrite, bs=4K-4K/4K-4K, ioengine=sync, iodepth=1
fio 1.59
Starting 64 processes

randwrite: (groupid=0, jobs=64): err= 0: pid=3822
  write: io=215472KB, bw=1745.2KB/s, iops=436 , runt=123409msec
    clat (msec): min=1 , max=12541 , avg=144.51, stdev=588.75
     lat (msec): min=1 , max=12541 , avg=144.51, stdev=588.75
    bw (KB/s) : min=    0, max=  626, per=2.59%, avg=45.19, stdev=58.34
  cpu          : usr=0.00%, sys=0.03%, ctx=54041, majf=0, minf=1855
  IO depths    : 1=100.0%, 2=0.0%, 4=0.0%, 8=0.0%, 16=0.0%, 32=0.0%, >=64=0.0%
     submit    : 0=0.0%, 4=100.0%, 8=0.0%, 16=0.0%, 32=0.0%, 64=0.0%, >=64=0.0%
     complete  : 0=0.0%, 4=100.0%, 8=0.0%, 16=0.0%, 32=0.0%, 64=0.0%, >=64=0.0%
     issued r/w/d: total=0/53868/0, short=0/0/0

     lat (msec): 2=2.59%, 4=61.51%, 10=16.23%, 20=3.40%, 50=2.69%
     lat (msec): 100=1.44%, 250=1.92%, 500=2.51%, 750=1.98%, 1000=1.23%
     lat (msec): 2000=2.49%, >=2000=2.01%

Run status group 0 (all jobs):
  WRITE: io=215472KB, aggrb=1745KB/s, minb=1787KB/s, maxb=1787KB/s, mint=123409msec, maxt=123409msec

Disk stats (read/write):
  rbd1: ios=153/53860, merge=0/0, ticks=112/7755928, in_queue=7786072, util=100.00%
finish randwrite

randwrite: (groupid=0, jobs=64): err= 0: pid=3821
  write: io=227000KB, bw=1836.9KB/s, iops=459 , runt=123580msec
    clat (msec): min=1 , max=12554 , avg=137.13, stdev=571.54
     lat (msec): min=1 , max=12554 , avg=137.13, stdev=571.54
    bw (KB/s) : min=    0, max=  605, per=2.61%, avg=47.96, stdev=65.92
  cpu          : usr=0.00%, sys=0.03%, ctx=56966, majf=0, minf=1855
  IO depths    : 1=100.0%, 2=0.0%, 4=0.0%, 8=0.0%, 16=0.0%, 32=0.0%, >=64=0.0%
     submit    : 0=0.0%, 4=100.0%, 8=0.0%, 16=0.0%, 32=0.0%, 64=0.0%, >=64=0.0%
     complete  : 0=0.0%, 4=100.0%, 8=0.0%, 16=0.0%, 32=0.0%, 64=0.0%, >=64=0.0%
     issued r/w/d: total=0/56750/0, short=0/0/0

     lat (msec): 2=2.21%, 4=62.08%, 10=16.48%, 20=3.51%, 50=2.64%
     lat (msec): 100=1.59%, 250=1.88%, 500=2.32%, 750=1.89%, 1000=1.19%
     lat (msec): 2000=2.30%, >=2000=1.90%

Run status group 0 (all jobs):
  WRITE: io=227000KB, aggrb=1836KB/s, minb=1880KB/s, maxb=1880KB/s, mint=123580msec, maxt=123580msec

Disk stats (read/write):
  rbd0: ios=265/56749, merge=0/0, ticks=9060/7776728, in_queue=7789428, util=100.00%
finish randwrite
