start randread
start randread
filename = /dev/rbd0
filename = /dev/rbd1
randread: (g=0): rw=randread, bs=4K-4K/4K-4K, ioengine=sync, iodepth=1
...
randread: (g=0): rw=randread, bs=4K-4K/4K-4K, ioengine=sync, iodepth=1
fio 1.59
Starting 64 processes
randread: (g=0): rw=randread, bs=4K-4K/4K-4K, ioengine=sync, iodepth=1
...
randread: (g=0): rw=randread, bs=4K-4K/4K-4K, ioengine=sync, iodepth=1
fio 1.59
Starting 64 processes

randread: (groupid=0, jobs=64): err= 0: pid=3669
  read : io=268852KB, bw=2222.6KB/s, iops=555 , runt=120966msec
    clat (usec): min=525 , max=5056.6K, avg=114663.58, stdev=358747.28
     lat (usec): min=526 , max=5056.6K, avg=114663.88, stdev=358747.28
    bw (KB/s) : min=    0, max=  444, per=2.14%, avg=47.48, stdev=60.96
  cpu          : usr=0.01%, sys=0.04%, ctx=67262, majf=0, minf=1983
  IO depths    : 1=100.0%, 2=0.0%, 4=0.0%, 8=0.0%, 16=0.0%, 32=0.0%, >=64=0.0%
     submit    : 0=0.0%, 4=100.0%, 8=0.0%, 16=0.0%, 32=0.0%, 64=0.0%, >=64=0.0%
     complete  : 0=0.0%, 4=100.0%, 8=0.0%, 16=0.0%, 32=0.0%, 64=0.0%, >=64=0.0%
     issued r/w/d: total=67213/0/0, short=0/0/0
     lat (usec): 750=4.51%, 1000=32.45%
     lat (msec): 2=11.42%, 4=1.25%, 10=4.46%, 20=9.98%, 50=18.57%
     lat (msec): 100=7.19%, 250=2.88%, 500=0.35%, 750=0.17%, 1000=0.25%
     lat (msec): 2000=6.45%, >=2000=0.09%

Run status group 0 (all jobs):
   READ: io=268852KB, aggrb=2222KB/s, minb=2275KB/s, maxb=2275KB/s, mint=120966msec, maxt=120966msec

Disk stats (read/write):
  rbd1: ios=67199/0, merge=0/0, ticks=7689996/0, in_queue=7703168, util=99.90%
finish randread

randread: (groupid=0, jobs=64): err= 0: pid=3668
  read : io=271128KB, bw=2242.2KB/s, iops=560 , runt=120923msec
    clat (usec): min=482 , max=5580.3K, avg=113747.81, stdev=356609.62
     lat (usec): min=482 , max=5580.4K, avg=113748.10, stdev=356609.63
    bw (KB/s) : min=    1, max=  433, per=2.17%, avg=48.75, stdev=62.80
  cpu          : usr=0.01%, sys=0.04%, ctx=67823, majf=0, minf=1982
  IO depths    : 1=100.0%, 2=0.0%, 4=0.0%, 8=0.0%, 16=0.0%, 32=0.0%, >=64=0.0%
     submit    : 0=0.0%, 4=100.0%, 8=0.0%, 16=0.0%, 32=0.0%, 64=0.0%, >=64=0.0%
     complete  : 0=0.0%, 4=100.0%, 8=0.0%, 16=0.0%, 32=0.0%, 64=0.0%, >=64=0.0%
     issued r/w/d: total=67782/0/0, short=0/0/0
     lat (usec): 500=0.01%, 750=4.65%, 1000=32.13%
     lat (msec): 2=11.02%, 4=1.40%, 10=4.58%, 20=10.27%, 50=18.75%
     lat (msec): 100=6.99%, 250=3.00%, 500=0.38%, 750=0.14%, 1000=0.15%
     lat (msec): 2000=6.47%, >=2000=0.07%

Run status group 0 (all jobs):
   READ: io=271128KB, aggrb=2242KB/s, minb=2295KB/s, maxb=2295KB/s, mint=120923msec, maxt=120923msec

Disk stats (read/write):
  rbd0: ios=67778/0, merge=0/0, ticks=7704484/0, in_queue=7707808, util=99.90%
finish randread
