start readwrite
start readwrite
start readwrite
filename = /mnt/rbd2/tt
filename = /mnt/rbd1/tt
start readwrite
filename = /mnt/rbd0/tt
filename = /mnt/rbd3/tt
randwrite: (g=0): rw=randwrite, bs=4K-4K/4K-4K, ioengine=sync, iodepth=1
...
randwrite: (g=0): rw=randwrite, bs=4K-4K/4K-4K, ioengine=sync, iodepth=1
fio 1.59
Starting 64 processes
randwrite: (g=0): rw=randwrite, bs=4K-4K/4K-4K, ioengine=sync, iodepth=1
...
randwrite: (g=0): rw=randwrite, bs=4K-4K/4K-4K, ioengine=sync, iodepth=1
fio 1.59
Starting 64 processes
randwrite: (g=0): rw=randwrite, bs=4K-4K/4K-4K, ioengine=sync, iodepth=1
...
randwrite: (g=0): rw=randwrite, bs=4K-4K/4K-4K, ioengine=sync, iodepth=1
fio 1.59
Starting 64 processes
randwrite: (g=0): rw=randwrite, bs=4K-4K/4K-4K, ioengine=sync, iodepth=1
...
randwrite: (g=0): rw=randwrite, bs=4K-4K/4K-4K, ioengine=sync, iodepth=1
fio 1.59
Starting 64 processes

randwrite: (groupid=0, jobs=64): err= 0: pid=26631
  write: io=98348KB, bw=836211 B/s, iops=204 , runt=120434msec
    clat (msec): min=2 , max=21516 , avg=312.51, stdev=2098.10
     lat (msec): min=2 , max=21516 , avg=312.51, stdev=2098.10
    bw (KB/s) : min=    0, max= 1025, per=14.61%, avg=119.18, stdev=276.39
  cpu          : usr=0.01%, sys=0.03%, ctx=49183, majf=0, minf=1919
  IO depths    : 1=100.0%, 2=0.0%, 4=0.0%, 8=0.0%, 16=0.0%, 32=0.0%, >=64=0.0%
     submit    : 0=0.0%, 4=100.0%, 8=0.0%, 16=0.0%, 32=0.0%, 64=0.0%, >=64=0.0%
     complete  : 0=0.0%, 4=100.0%, 8=0.0%, 16=0.0%, 32=0.0%, 64=0.0%, >=64=0.0%
     issued r/w/d: total=0/24587/0, short=0/0/0

     lat (msec): 4=80.58%, 10=4.80%, 20=11.65%, 50=0.30%, 100=0.21%
     lat (msec): 250=0.09%, 500=0.03%, 750=0.01%, 1000=0.01%, 2000=0.06%
     lat (msec): >=2000=2.27%

Run status group 0 (all jobs):
  WRITE: io=98348KB, aggrb=816KB/s, minb=836KB/s, maxb=836KB/s, mint=120434msec, maxt=120434msec

Disk stats (read/write):
  rbd3: ios=0/24619, merge=0/24, ticks=0/118764, in_queue=118720, util=98.22%
finish readwrite

randwrite: (groupid=0, jobs=64): err= 0: pid=26619
  write: io=97476KB, bw=827588 B/s, iops=202 , runt=120610msec
    clat (msec): min=2 , max=23542 , avg=315.57, stdev=2251.29
     lat (msec): min=2 , max=23542 , avg=315.57, stdev=2251.29
    bw (KB/s) : min=    0, max= 1056, per=17.40%, avg=140.61, stdev=302.73
  cpu          : usr=0.00%, sys=0.03%, ctx=48743, majf=0, minf=1855
  IO depths    : 1=100.0%, 2=0.0%, 4=0.0%, 8=0.0%, 16=0.0%, 32=0.0%, >=64=0.0%
     submit    : 0=0.0%, 4=100.0%, 8=0.0%, 16=0.0%, 32=0.0%, 64=0.0%, >=64=0.0%
     complete  : 0=0.0%, 4=100.0%, 8=0.0%, 16=0.0%, 32=0.0%, 64=0.0%, >=64=0.0%
     issued r/w/d: total=0/24369/0, short=0/0/0

     lat (msec): 4=80.88%, 10=4.55%, 20=11.78%, 50=0.31%, 100=0.18%
     lat (msec): 250=0.12%, 500=0.02%, 750=0.01%, 1000=0.02%, 2000=0.05%
     lat (msec): >=2000=2.08%

Run status group 0 (all jobs):
  WRITE: io=97476KB, aggrb=808KB/s, minb=827KB/s, maxb=827KB/s, mint=120610msec, maxt=120610msec

Disk stats (read/write):
  rbd1: ios=0/24392, merge=0/24, ticks=0/118780, in_queue=118740, util=98.29%
finish readwrite

randwrite: (groupid=0, jobs=64): err= 0: pid=26622
  write: io=98708KB, bw=838075 B/s, iops=204 , runt=120606msec
    clat (msec): min=2 , max=19671 , avg=311.70, stdev=2081.59
     lat (msec): min=2 , max=19671 , avg=311.70, stdev=2081.59
    bw (KB/s) : min=    0, max=  986, per=14.74%, avg=120.55, stdev=279.41
  cpu          : usr=0.00%, sys=0.03%, ctx=49369, majf=0, minf=1855
  IO depths    : 1=100.0%, 2=0.0%, 4=0.0%, 8=0.0%, 16=0.0%, 32=0.0%, >=64=0.0%
     submit    : 0=0.0%, 4=100.0%, 8=0.0%, 16=0.0%, 32=0.0%, 64=0.0%, >=64=0.0%
     complete  : 0=0.0%, 4=100.0%, 8=0.0%, 16=0.0%, 32=0.0%, 64=0.0%, >=64=0.0%
     issued r/w/d: total=0/24677/0, short=0/0/0

     lat (msec): 4=80.89%, 10=4.36%, 20=11.78%, 50=0.29%, 100=0.19%
     lat (msec): 250=0.06%, 500=0.04%, 750=0.01%, 1000=0.02%, 2000=0.06%
     lat (msec): >=2000=2.31%

Run status group 0 (all jobs):
  WRITE: io=98708KB, aggrb=818KB/s, minb=838KB/s, maxb=838KB/s, mint=120606msec, maxt=120606msec

Disk stats (read/write):
  rbd0: ios=0/24691, merge=0/24, ticks=0/118600, in_queue=118560, util=98.16%
finish readwrite

randwrite: (groupid=0, jobs=64): err= 0: pid=26628
  write: io=97580KB, bw=828203 B/s, iops=202 , runt=120649msec
    clat (msec): min=2 , max=17785 , avg=315.42, stdev=2030.48
     lat (msec): min=2 , max=17785 , avg=315.42, stdev=2030.48
    bw (KB/s) : min=    0, max= 1021, per=13.70%, avg=110.72, stdev=269.28
  cpu          : usr=0.00%, sys=0.03%, ctx=48799, majf=0, minf=1855
  IO depths    : 1=100.0%, 2=0.0%, 4=0.0%, 8=0.0%, 16=0.0%, 32=0.0%, >=64=0.0%
     submit    : 0=0.0%, 4=100.0%, 8=0.0%, 16=0.0%, 32=0.0%, 64=0.0%, >=64=0.0%
     complete  : 0=0.0%, 4=100.0%, 8=0.0%, 16=0.0%, 32=0.0%, 64=0.0%, >=64=0.0%
     issued r/w/d: total=0/24395/0, short=0/0/0

     lat (msec): 4=80.06%, 10=4.85%, 20=12.00%, 50=0.30%, 100=0.20%
     lat (msec): 250=0.07%, 500=0.05%, 750=0.01%, 1000=0.02%, 2000=0.04%
     lat (msec): >=2000=2.38%

Run status group 0 (all jobs):
  WRITE: io=97580KB, aggrb=808KB/s, minb=828KB/s, maxb=828KB/s, mint=120649msec, maxt=120649msec

Disk stats (read/write):
  rbd2: ios=0/24404, merge=0/24, ticks=0/118596, in_queue=118548, util=98.15%
finish readwrite
