start readrand
filename = /dev/rbd0
start readrand
filename = /dev/rbd1
randread: (g=0): rw=randread, bs=4K-4K/4K-4K, ioengine=sync, iodepth=1
...
randread: (g=0): rw=randread, bs=4K-4K/4K-4K, ioengine=sync, iodepth=1
fio 1.59
Starting 64 processes
randread: (g=0): rw=randread, bs=4K-4K/4K-4K, ioengine=sync, iodepth=1
...
randread: (g=0): rw=randread, bs=4K-4K/4K-4K, ioengine=sync, iodepth=1
fio 1.59
Starting 64 processes

randread: (groupid=0, jobs=64): err= 0: pid=3647
  read : io=12118MB, bw=103375KB/s, iops=25843 , runt=120033msec
    clat (usec): min=234 , max=3080.2K, avg=2473.45, stdev=7933.02
     lat (usec): min=234 , max=3080.2K, avg=2473.59, stdev=7933.02
    bw (KB/s) : min=    1, max= 2546, per=1.57%, avg=1627.69, stdev=180.09
  cpu          : usr=0.19%, sys=0.91%, ctx=3298733, majf=0, minf=2047
  IO depths    : 1=100.0%, 2=0.0%, 4=0.0%, 8=0.0%, 16=0.0%, 32=0.0%, >=64=0.0%
     submit    : 0=0.0%, 4=100.0%, 8=0.0%, 16=0.0%, 32=0.0%, 64=0.0%, >=64=0.0%
     complete  : 0=0.0%, 4=100.0%, 8=0.0%, 16=0.0%, 32=0.0%, 64=0.0%, >=64=0.0%
     issued r/w/d: total=3102098/0/0, short=0/0/0
     lat (usec): 250=0.01%, 500=1.30%, 750=8.67%, 1000=12.33%
     lat (msec): 2=38.33%, 4=24.76%, 10=12.49%, 20=2.09%, 50=0.03%
     lat (msec): 100=0.01%, 250=0.01%, 500=0.01%, 750=0.01%, 1000=0.01%
     lat (msec): >=2000=0.01%

Run status group 0 (all jobs):
   READ: io=12118MB, aggrb=103374KB/s, minb=105855KB/s, maxb=105855KB/s, mint=120033msec, maxt=120033msec

Disk stats (read/write):
  rbd1: ios=3100184/0, merge=0/0, ticks=7633328/0, in_queue=7631244, util=99.93%
finish readrand

randread: (groupid=0, jobs=64): err= 0: pid=3645
  read : io=12016MB, bw=102507KB/s, iops=25626 , runt=120035msec
    clat (usec): min=270 , max=5850.2K, avg=2494.42, stdev=7580.41
     lat (usec): min=270 , max=5850.2K, avg=2494.56, stdev=7580.41
    bw (KB/s) : min=    1, max= 2522, per=1.57%, avg=1613.24, stdev=179.50
  cpu          : usr=0.18%, sys=0.90%, ctx=3270727, majf=0, minf=1983
  IO depths    : 1=100.0%, 2=0.0%, 4=0.0%, 8=0.0%, 16=0.0%, 32=0.0%, >=64=0.0%
     submit    : 0=0.0%, 4=100.0%, 8=0.0%, 16=0.0%, 32=0.0%, 64=0.0%, >=64=0.0%
     complete  : 0=0.0%, 4=100.0%, 8=0.0%, 16=0.0%, 32=0.0%, 64=0.0%, >=64=0.0%
     issued r/w/d: total=3076097/0/0, short=0/0/0
     lat (usec): 500=1.28%, 750=8.59%, 1000=12.23%
     lat (msec): 2=38.21%, 4=24.78%, 10=12.70%, 20=2.17%, 50=0.03%
     lat (msec): 100=0.01%, 250=0.01%, 500=0.01%, 750=0.01%, 2000=0.01%
     lat (msec): >=2000=0.01%

Run status group 0 (all jobs):
   READ: io=12016MB, aggrb=102506KB/s, minb=104966KB/s, maxb=104966KB/s, mint=120035msec, maxt=120035msec

Disk stats (read/write):
  rbd0: ios=3074313/0, merge=0/0, ticks=7633844/0, in_queue=7632460, util=99.94%
finish readrand
