start readwrite
start readwrite
filename = /dev/rbd1
filename = /dev/rbd0
randwrite: (g=0): rw=randwrite, bs=4K-4K/4K-4K, ioengine=sync, iodepth=1
...
randwrite: (g=0): rw=randwrite, bs=4K-4K/4K-4K, ioengine=sync, iodepth=1
fio 1.59
Starting 64 processes
randwrite: (g=0): rw=randwrite, bs=4K-4K/4K-4K, ioengine=sync, iodepth=1
...
randwrite: (g=0): rw=randwrite, bs=4K-4K/4K-4K, ioengine=sync, iodepth=1
fio 1.59
Starting 64 processes

randwrite: (groupid=0, jobs=64): err= 0: pid=4150
  write: io=1644.4MB, bw=14026KB/s, iops=3506 , runt=120042msec
    clat (msec): min=1 , max=9528 , avg=18.24, stdev=125.10
     lat (msec): min=1 , max=9528 , avg=18.24, stdev=125.10
    bw (KB/s) : min=    1, max=  806, per=1.74%, avg=244.62, stdev=80.06
  cpu          : usr=0.02%, sys=0.14%, ctx=421837, majf=0, minf=1855
  IO depths    : 1=100.0%, 2=0.0%, 4=0.0%, 8=0.0%, 16=0.0%, 32=0.0%, >=64=0.0%
     submit    : 0=0.0%, 4=100.0%, 8=0.0%, 16=0.0%, 32=0.0%, 64=0.0%, >=64=0.0%
     complete  : 0=0.0%, 4=100.0%, 8=0.0%, 16=0.0%, 32=0.0%, 64=0.0%, >=64=0.0%
     issued r/w/d: total=0/420942/0, short=0/0/0

     lat (msec): 2=1.33%, 4=21.54%, 10=31.68%, 20=24.52%, 50=16.24%
     lat (msec): 100=3.12%, 250=1.25%, 500=0.25%, 750=0.04%, 1000=0.01%
     lat (msec): 2000=0.01%, >=2000=0.02%

Run status group 0 (all jobs):
  WRITE: io=1644.4MB, aggrb=14026KB/s, minb=14363KB/s, maxb=14363KB/s, mint=120042msec, maxt=120042msec

Disk stats (read/write):
  rbd0: ios=251/420310, merge=0/0, ticks=14148/7667444, in_queue=7682048, util=100.00%
finish readwrite

randwrite: (groupid=0, jobs=64): err= 0: pid=4151
  write: io=1647.7MB, bw=14054KB/s, iops=3513 , runt=120052msec
    clat (msec): min=1 , max=9535 , avg=18.21, stdev=124.36
     lat (msec): min=1 , max=9535 , avg=18.21, stdev=124.36
    bw (KB/s) : min=    0, max=  669, per=1.74%, avg=244.63, stdev=79.36
  cpu          : usr=0.02%, sys=0.14%, ctx=422722, majf=0, minf=1854
  IO depths    : 1=100.0%, 2=0.0%, 4=0.0%, 8=0.0%, 16=0.0%, 32=0.0%, >=64=0.0%
     submit    : 0=0.0%, 4=100.0%, 8=0.0%, 16=0.0%, 32=0.0%, 64=0.0%, >=64=0.0%
     complete  : 0=0.0%, 4=100.0%, 8=0.0%, 16=0.0%, 32=0.0%, 64=0.0%, >=64=0.0%
     issued r/w/d: total=0/421798/0, short=0/0/0

     lat (msec): 2=1.25%, 4=21.31%, 10=31.61%, 20=25.00%, 50=16.19%
     lat (msec): 100=3.05%, 250=1.25%, 500=0.25%, 750=0.04%, 1000=0.02%
     lat (msec): 2000=0.01%, >=2000=0.02%

Run status group 0 (all jobs):
  WRITE: io=1647.7MB, aggrb=14053KB/s, minb=14391KB/s, maxb=14391KB/s, mint=120052msec, maxt=120052msec

Disk stats (read/write):
  rbd1: ios=253/421797, merge=0/0, ticks=11080/7673684, in_queue=7684768, util=100.00%
finish readwrite
