start readwrite
filename = /dev/rbd0
start readwrite
filename = /dev/rbd1
randwrite: (g=0): rw=randwrite, bs=4K-4K/4K-4K, ioengine=sync, iodepth=1
...
randwrite: (g=0): rw=randwrite, bs=4K-4K/4K-4K, ioengine=sync, iodepth=1
fio 1.59
Starting 64 processes
randwrite: (g=0): rw=randwrite, bs=4K-4K/4K-4K, ioengine=sync, iodepth=1
...
randwrite: (g=0): rw=randwrite, bs=4K-4K/4K-4K, ioengine=sync, iodepth=1
fio 1.59
Starting 64 processes

randwrite: (groupid=0, jobs=64): err= 0: pid=4774
  write: io=1598.3MB, bw=13628KB/s, iops=3406 , runt=120093msec
    clat (msec): min=1 , max=9800 , avg=18.77, stdev=133.29
     lat (msec): min=1 , max=9800 , avg=18.77, stdev=133.29
    bw (KB/s) : min=    0, max=  695, per=1.78%, avg=242.40, stdev=79.71
  cpu          : usr=0.03%, sys=0.12%, ctx=409826, majf=0, minf=1855
  IO depths    : 1=100.0%, 2=0.0%, 4=0.0%, 8=0.0%, 16=0.0%, 32=0.0%, >=64=0.0%
     submit    : 0=0.0%, 4=100.0%, 8=0.0%, 16=0.0%, 32=0.0%, 64=0.0%, >=64=0.0%
     complete  : 0=0.0%, 4=100.0%, 8=0.0%, 16=0.0%, 32=0.0%, 64=0.0%, >=64=0.0%
     issued r/w/d: total=0/409144/0, short=0/0/0

     lat (msec): 2=1.35%, 4=22.26%, 10=31.13%, 20=23.75%, 50=16.84%
     lat (msec): 100=3.04%, 250=1.29%, 500=0.25%, 750=0.03%, 1000=0.01%
     lat (msec): 2000=0.01%, >=2000=0.04%

Run status group 0 (all jobs):
  WRITE: io=1598.3MB, aggrb=13627KB/s, minb=13954KB/s, maxb=13954KB/s, mint=120093msec, maxt=120093msec

Disk stats (read/write):
  rbd0: ios=10/409134, merge=0/0, ticks=8/7675012, in_queue=7675088, util=99.89%
finish readwrite

randwrite: (groupid=0, jobs=64): err= 0: pid=4795
  write: io=1619.4MB, bw=13814KB/s, iops=3453 , runt=120044msec
    clat (msec): min=1 , max=9804 , avg=18.52, stdev=131.15
     lat (msec): min=1 , max=9804 , avg=18.52, stdev=131.15
    bw (KB/s) : min=    0, max=  579, per=1.77%, avg=243.91, stdev=80.24
  cpu          : usr=0.03%, sys=0.13%, ctx=415368, majf=0, minf=1919
  IO depths    : 1=100.0%, 2=0.0%, 4=0.0%, 8=0.0%, 16=0.0%, 32=0.0%, >=64=0.0%
     submit    : 0=0.0%, 4=100.0%, 8=0.0%, 16=0.0%, 32=0.0%, 64=0.0%, >=64=0.0%
     complete  : 0=0.0%, 4=100.0%, 8=0.0%, 16=0.0%, 32=0.0%, 64=0.0%, >=64=0.0%
     issued r/w/d: total=0/414557/0, short=0/0/0

     lat (msec): 2=1.30%, 4=21.89%, 10=31.32%, 20=24.27%, 50=16.68%
     lat (msec): 100=2.95%, 250=1.27%, 500=0.24%, 750=0.03%, 1000=0.01%
     lat (msec): 2000=0.01%, >=2000=0.03%

Run status group 0 (all jobs):
  WRITE: io=1619.4MB, aggrb=13813KB/s, minb=14145KB/s, maxb=14145KB/s, mint=120044msec, maxt=120044msec

Disk stats (read/write):
  rbd1: ios=340/414533, merge=0/0, ticks=5924/7673956, in_queue=7679960, util=100.00%
finish readwrite
