start readrand
filename = /dev/rbd0
start readrand
filename = /dev/rbd1
randread: (g=0): rw=randread, bs=4K-4K/4K-4K, ioengine=sync, iodepth=1
...
randread: (g=0): rw=randread, bs=4K-4K/4K-4K, ioengine=sync, iodepth=1
fio 1.59
Starting 64 processes
randread: (g=0): rw=randread, bs=4K-4K/4K-4K, ioengine=sync, iodepth=1
...
randread: (g=0): rw=randread, bs=4K-4K/4K-4K, ioengine=sync, iodepth=1
fio 1.59
Starting 64 processes

randread: (groupid=0, jobs=64): err= 0: pid=3796
  read : io=11861MB, bw=101182KB/s, iops=25295 , runt=120036msec
    clat (usec): min=243 , max=4137.8K, avg=2526.95, stdev=9179.81
     lat (usec): min=243 , max=4137.8K, avg=2527.10, stdev=9179.81
    bw (KB/s) : min=    1, max= 2387, per=1.58%, avg=1598.37, stdev=166.75
  cpu          : usr=0.18%, sys=1.01%, ctx=3312905, majf=0, minf=1983
  IO depths    : 1=100.0%, 2=0.0%, 4=0.0%, 8=0.0%, 16=0.0%, 32=0.0%, >=64=0.0%
     submit    : 0=0.0%, 4=100.0%, 8=0.0%, 16=0.0%, 32=0.0%, 64=0.0%, >=64=0.0%
     complete  : 0=0.0%, 4=100.0%, 8=0.0%, 16=0.0%, 32=0.0%, 64=0.0%, >=64=0.0%
     issued r/w/d: total=3036367/0/0, short=0/0/0
     lat (usec): 250=0.01%, 500=1.03%, 750=7.48%, 1000=11.05%
     lat (msec): 2=37.36%, 4=27.89%, 10=13.50%, 20=1.66%, 50=0.02%
     lat (msec): 100=0.01%, 250=0.01%, 500=0.01%, 750=0.01%, 1000=0.01%
     lat (msec): 2000=0.01%, >=2000=0.01%

Run status group 0 (all jobs):
   READ: io=11861MB, aggrb=101181KB/s, minb=103610KB/s, maxb=103610KB/s, mint=120036msec, maxt=120036msec

Disk stats (read/write):
  rbd0: ios=3034600/0, merge=0/0, ticks=7630816/0, in_queue=7629532, util=99.93%
finish readrand

randread: (groupid=0, jobs=64): err= 0: pid=3797
  read : io=11985MB, bw=102238KB/s, iops=25559 , runt=120038msec
    clat (usec): min=238 , max=2741.3K, avg=2500.79, stdev=8292.83
     lat (usec): min=238 , max=2741.3K, avg=2500.93, stdev=8292.83
    bw (KB/s) : min=    1, max= 2456, per=1.58%, avg=1612.57, stdev=162.26
  cpu          : usr=0.18%, sys=1.03%, ctx=3345043, majf=0, minf=1983
  IO depths    : 1=100.0%, 2=0.0%, 4=0.0%, 8=0.0%, 16=0.0%, 32=0.0%, >=64=0.0%
     submit    : 0=0.0%, 4=100.0%, 8=0.0%, 16=0.0%, 32=0.0%, 64=0.0%, >=64=0.0%
     complete  : 0=0.0%, 4=100.0%, 8=0.0%, 16=0.0%, 32=0.0%, 64=0.0%, >=64=0.0%
     issued r/w/d: total=3068099/0/0, short=0/0/0
     lat (usec): 250=0.01%, 500=1.06%, 750=7.57%, 1000=11.10%
     lat (msec): 2=37.53%, 4=27.79%, 10=13.34%, 20=1.59%, 50=0.02%
     lat (msec): 100=0.01%, 250=0.01%, 500=0.01%, 2000=0.01%, >=2000=0.01%

Run status group 0 (all jobs):
   READ: io=11985MB, aggrb=102237KB/s, minb=104691KB/s, maxb=104691KB/s, mint=120038msec, maxt=120038msec

Disk stats (read/write):
  rbd1: ios=3066370/0, merge=0/0, ticks=7631276/0, in_queue=7628956, util=99.93%
finish readrand
