start readrw
filename = /dev/rbd1
start readrw
filename = /dev/rbd0
randrw: (g=0): rw=randrw, bs=4K-4K/4K-4K, ioengine=sync, iodepth=1
...
randrw: (g=0): rw=randrw, bs=4K-4K/4K-4K, ioengine=sync, iodepth=1
fio 1.59
Starting 64 processes
randrw: (g=0): rw=randrw, bs=4K-4K/4K-4K, ioengine=sync, iodepth=1
...
randrw: (g=0): rw=randrw, bs=4K-4K/4K-4K, ioengine=sync, iodepth=1
fio 1.59
Starting 64 processes

randrw: (groupid=0, jobs=64): err= 0: pid=5479
  read : io=1365.1MB, bw=11641KB/s, iops=2910 , runt=120155msec
    clat (usec): min=251 , max=6444.3K, avg=6267.74, stdev=45320.83
     lat (usec): min=251 , max=6444.3K, avg=6267.89, stdev=45320.83
    bw (KB/s) : min=    0, max=  630, per=1.68%, avg=196.04, stdev=75.77
  write: io=1367.1MB, bw=11658KB/s, iops=2914 , runt=120155msec
    clat (msec): min=1 , max=6468 , avg=15.67, stdev=83.74
     lat (msec): min=1 , max=6468 , avg=15.67, stdev=83.74
    bw (KB/s) : min=    1, max=  564, per=1.68%, avg=196.07, stdev=67.28
  cpu          : usr=0.05%, sys=0.19%, ctx=701948, majf=0, minf=1855
  IO depths    : 1=100.0%, 2=0.0%, 4=0.0%, 8=0.0%, 16=0.0%, 32=0.0%, >=64=0.0%
     submit    : 0=0.0%, 4=100.0%, 8=0.0%, 16=0.0%, 32=0.0%, 64=0.0%, >=64=0.0%
     complete  : 0=0.0%, 4=100.0%, 8=0.0%, 16=0.0%, 32=0.0%, 64=0.0%, >=64=0.0%
     issued r/w/d: total=349674/350178/0, short=0/0/0
     lat (usec): 500=2.85%, 750=8.16%, 1000=6.90%
     lat (msec): 2=14.03%, 4=19.75%, 10=21.84%, 20=14.58%, 50=9.20%
     lat (msec): 100=1.74%, 250=0.79%, 500=0.12%, 750=0.04%, 1000=0.01%
     lat (msec): 2000=0.01%, >=2000=0.01%

Run status group 0 (all jobs):
   READ: io=1365.1MB, aggrb=11640KB/s, minb=11920KB/s, maxb=11920KB/s, mint=120155msec, maxt=120155msec
  WRITE: io=1367.1MB, aggrb=11657KB/s, minb=11937KB/s, maxb=11937KB/s, mint=120155msec, maxt=120155msec

Disk stats (read/write):
  rbd0: ios=349175/349657, merge=0/0, ticks=2180572/5473128, in_queue=7666152, util=99.91%
finish readrw

randrw: (groupid=0, jobs=64): err= 0: pid=5478
  read : io=1364.6MB, bw=11628KB/s, iops=2907 , runt=120164msec
    clat (usec): min=253 , max=6388.5K, avg=6262.37, stdev=48062.81
     lat (usec): min=253 , max=6388.5K, avg=6262.52, stdev=48062.81
    bw (KB/s) : min=    0, max=  686, per=1.70%, avg=197.34, stdev=76.38
  write: io=1363.7MB, bw=11621KB/s, iops=2905 , runt=120164msec
    clat (msec): min=1 , max=6452 , avg=15.73, stdev=86.28
     lat (msec): min=1 , max=6452 , avg=15.73, stdev=86.28
    bw (KB/s) : min=    0, max=  498, per=1.69%, avg=196.90, stdev=66.94
  cpu          : usr=0.04%, sys=0.21%, ctx=700730, majf=0, minf=1855
  IO depths    : 1=100.0%, 2=0.0%, 4=0.0%, 8=0.0%, 16=0.0%, 32=0.0%, >=64=0.0%
     submit    : 0=0.0%, 4=100.0%, 8=0.0%, 16=0.0%, 32=0.0%, 64=0.0%, >=64=0.0%
     complete  : 0=0.0%, 4=100.0%, 8=0.0%, 16=0.0%, 32=0.0%, 64=0.0%, >=64=0.0%
     issued r/w/d: total=349322/349096/0, short=0/0/0
     lat (usec): 500=2.93%, 750=8.30%, 1000=6.82%
     lat (msec): 2=14.05%, 4=19.55%, 10=21.89%, 20=14.77%, 50=9.03%
     lat (msec): 100=1.69%, 250=0.79%, 500=0.12%, 750=0.04%, 1000=0.01%
     lat (msec): 2000=0.01%, >=2000=0.01%

Run status group 0 (all jobs):
   READ: io=1364.6MB, aggrb=11628KB/s, minb=11907KB/s, maxb=11907KB/s, mint=120164msec, maxt=120164msec
  WRITE: io=1363.7MB, aggrb=11620KB/s, minb=11899KB/s, maxb=11899KB/s, mint=120164msec, maxt=120164msec

Disk stats (read/write):
  rbd1: ios=349166/348596, merge=0/0, ticks=2182464/5476196, in_queue=7671072, util=100.00%
finish readrw
