start randread
filename = /dev/rbd0
start randread
filename = /dev/rbd1
randread: (g=0): rw=randread, bs=4K-4K/4K-4K, ioengine=sync, iodepth=1
...
randread: (g=0): rw=randread, bs=4K-4K/4K-4K, ioengine=sync, iodepth=1
fio 1.59
Starting 64 processes
randread: (g=0): rw=randread, bs=4K-4K/4K-4K, ioengine=sync, iodepth=1
...
randread: (g=0): rw=randread, bs=4K-4K/4K-4K, ioengine=sync, iodepth=1
fio 1.59
Starting 64 processes

randread: (groupid=0, jobs=64): err= 0: pid=5417
  read : io=17875MB, bw=152491KB/s, iops=38122 , runt=120034msec
    clat (usec): min=235 , max=4980.7K, avg=1676.07, stdev=8523.14
     lat (usec): min=235 , max=4980.7K, avg=1676.21, stdev=8523.14
    bw (KB/s) : min=    1, max= 3224, per=1.58%, avg=2411.55, stdev=256.25
  cpu          : usr=0.28%, sys=1.73%, ctx=6280905, majf=0, minf=1983
  IO depths    : 1=100.0%, 2=0.0%, 4=0.0%, 8=0.0%, 16=0.0%, 32=0.0%, >=64=0.0%
     submit    : 0=0.0%, 4=100.0%, 8=0.0%, 16=0.0%, 32=0.0%, 64=0.0%, >=64=0.0%
     complete  : 0=0.0%, 4=100.0%, 8=0.0%, 16=0.0%, 32=0.0%, 64=0.0%, >=64=0.0%
     issued r/w/d: total=4576019/0/0, short=0/0/0
     lat (usec): 250=0.01%, 500=5.60%, 750=16.74%, 1000=15.91%
     lat (msec): 2=44.32%, 4=11.55%, 10=4.88%, 20=0.97%, 50=0.02%
     lat (msec): 100=0.01%, 250=0.01%, 500=0.01%, 2000=0.01%, >=2000=0.01%

Run status group 0 (all jobs):
   READ: io=17875MB, aggrb=152490KB/s, minb=156150KB/s, maxb=156150KB/s, mint=120034msec, maxt=120034msec

Disk stats (read/write):
  rbd1: ios=4576012/0, merge=0/0, ticks=7620660/0, in_queue=7615360, util=99.89%
finish randread

randread: (groupid=0, jobs=64): err= 0: pid=5415
  read : io=17765MB, bw=151550KB/s, iops=37887 , runt=120033msec
    clat (usec): min=235 , max=5801.4K, avg=1686.51, stdev=8172.45
     lat (usec): min=235 , max=5801.4K, avg=1686.65, stdev=8172.45
    bw (KB/s) : min=    1, max= 3232, per=1.58%, avg=2395.93, stdev=257.22
  cpu          : usr=0.28%, sys=1.71%, ctx=6236049, majf=0, minf=2047
  IO depths    : 1=100.0%, 2=0.0%, 4=0.0%, 8=0.0%, 16=0.0%, 32=0.0%, >=64=0.0%
     submit    : 0=0.0%, 4=100.0%, 8=0.0%, 16=0.0%, 32=0.0%, 64=0.0%, >=64=0.0%
     complete  : 0=0.0%, 4=100.0%, 8=0.0%, 16=0.0%, 32=0.0%, 64=0.0%, >=64=0.0%
     issued r/w/d: total=4547762/0/0, short=0/0/0
     lat (usec): 250=0.01%, 500=5.60%, 750=16.70%, 1000=15.88%
     lat (msec): 2=44.20%, 4=11.58%, 10=5.02%, 20=0.99%, 50=0.02%
     lat (msec): 100=0.01%, 250=0.01%, 500=0.01%, 750=0.01%, 1000=0.01%
     lat (msec): 2000=0.01%, >=2000=0.01%

Run status group 0 (all jobs):
   READ: io=17765MB, aggrb=151550KB/s, minb=155187KB/s, maxb=155187KB/s, mint=120033msec, maxt=120033msec

Disk stats (read/write):
  rbd0: ios=4547757/0, merge=0/0, ticks=7621348/0, in_queue=7616680, util=99.89%
finish randread
